[    0.0000] Running SchedulerMode.PRIORITY scheduler on hosts 4465c88dda1f with 8 GPU(s) per host
[    0.0007] Listening for scheduler requests on port 18383
[    0.0011] Started event loop...
[    0.0013] Running with trace: scheduler_traces/medium20_8jph.json
[    1.0028] Job 0 submitted
[    2.0035] * Processing event ScheduleEvent: 1 job(s) in queue
2020-09-11 18:40:16.622923: I tensorflow/stream_executor/platform/default/dso_loader.cc:44] Successfully opened dynamic library libcudart.so.10.0
[    4.3944] * Processing event RunJobEvent(job=Job(0, BERTGlueWorkload(task=SST-2, gpu_demand=1, batch_size=4, num_steps=None, num_epochs=1, num_virtual_nodes_per_device=1), 1), initial_allocation=1)
[    4.3949] Job 0 was assigned 1 GPUs, new GPU assignment = {'4465c88dda1f': [0, None, None, None, None, None, None, None]}
[    4.4080] Job 0 started with 1 GPUs (PID = 7980)
[  363.4099] Job 1 submitted
[  363.8057] * Processing event ScheduleEvent: 1 job(s) in queue
[  827.9198] Job 2 submitted
[  828.3235] * Processing event ScheduleEvent: 2 job(s) in queue
[  828.3236] * Processing event RunJobEvent(job=Job(2, TransformerWorkload(gpu_demand=4, batch_size=8192, num_steps=4000, num_epochs=None), 5), initial_allocation=4)
[  828.3237] Job 2 was assigned 4 GPUs, new GPU assignment = {'4465c88dda1f': [0, 2, 2, 2, 2, None, None, None]}
[  828.3384] Job 2 started with 4 GPUs (PID = 8612)
[  901.2103] Job 2 successfully resized to 4 GPUs
[ 1097.7514] Job 0 finished, took 1093.4 seconds
[ 1097.7515] Waiting 10 seconds before releasing Job 0's GPUs
[ 1107.7616] Job 0 released its GPUs, new GPU assignment = {'4465c88dda1f': [None, 2, 2, 2, 2, None, None, None]}
[ 1108.6324] * Processing event ScheduleEvent: 1 job(s) in queue
[ 1123.2300] Job 3 submitted
[ 1123.6485] * Processing event ScheduleEvent: 2 job(s) in queue
[ 1123.6487] * Processing event RunJobEvent(job=Job(3, ResNetWorkload(dataset=cifar10, gpu_demand=1, batch_size=128, num_steps=None, num_epochs=20, num_virtual_nodes_per_device=1), 10), initial_allocation=1)
[ 1123.6487] Job 3 was assigned 1 GPUs, new GPU assignment = {'4465c88dda1f': [3, 2, 2, 2, 2, None, None, None]}
[ 1123.6618] Job 3 started with 1 GPUs (PID = 12029)
[ 1352.4666] Job 4 submitted
[ 1352.8908] * Processing event ScheduleEvent: 2 job(s) in queue
[ 1352.8910] * Processing event RunJobEvent(job=Job(4, BERTGlueWorkload(task=MRPC, gpu_demand=1, batch_size=4, num_steps=None, num_epochs=10, num_virtual_nodes_per_device=1), 10), initial_allocation=1)
[ 1352.8911] Job 4 was assigned 1 GPUs, new GPU assignment = {'4465c88dda1f': [3, 2, 2, 2, 2, 4, None, None]}
[ 1352.9053] Job 4 started with 1 GPUs (PID = 12635)
[ 1564.1066] Job 3 finished, took 440.5 seconds
[ 1564.1066] Waiting 10 seconds before releasing Job 3's GPUs
[ 1574.1167] Job 3 released its GPUs, new GPU assignment = {'4465c88dda1f': [None, 2, 2, 2, 2, 4, None, None]}
[ 1574.1283] * Processing event ScheduleEvent: 1 job(s) in queue
[ 1877.0023] Job 5 submitted
[ 1877.4365] * Processing event ScheduleEvent: 2 job(s) in queue
[ 1877.4367] * Processing event RunJobEvent(job=Job(5, BERTGlueWorkload(task=SST-2, gpu_demand=1, batch_size=8, num_steps=None, num_epochs=1, num_virtual_nodes_per_device=2), 10), initial_allocation=1)
[ 1877.4367] Job 5 was assigned 1 GPUs, new GPU assignment = {'4465c88dda1f': [5, 2, 2, 2, 2, 4, None, None]}
[ 1877.4521] Job 5 started with 1 GPUs (PID = 13267)
[ 2018.6821] Job 4 finished, took 665.8 seconds
[ 2018.6822] Waiting 10 seconds before releasing Job 4's GPUs
[ 2028.6923] Job 4 released its GPUs, new GPU assignment = {'4465c88dda1f': [5, 2, 2, 2, 2, None, None, None]}
[ 2029.6123] * Processing event ScheduleEvent: 1 job(s) in queue
[ 2781.9226] Job 6 submitted
[ 2782.3827] * Processing event ScheduleEvent: 2 job(s) in queue
[ 2888.2159] Job 5 finished, took 1010.8 seconds
[ 2888.2160] Waiting 10 seconds before releasing Job 5's GPUs
[ 2898.2261] Job 5 released its GPUs, new GPU assignment = {'4465c88dda1f': [None, 2, 2, 2, 2, None, None, None]}
[ 2898.5007] * Processing event ScheduleEvent: 2 job(s) in queue
[ 3248.4069] Job 7 submitted
[ 3248.8731] * Processing event ScheduleEvent: 3 job(s) in queue
[ 3315.4765] Job 8 submitted
[ 3315.9430] * Processing event ScheduleEvent: 4 job(s) in queue
[ 3340.5025] Job 9 submitted
[ 3340.9710] * Processing event ScheduleEvent: 5 job(s) in queue
[ 3680.8506] Job 10 submitted
[ 3681.3308] * Processing event ScheduleEvent: 6 job(s) in queue
[ 3724.8954] Job 11 submitted
[ 3725.3778] * Processing event ScheduleEvent: 7 job(s) in queue
[ 3829.0029] Job 12 submitted
[ 3829.4912] * Processing event ScheduleEvent: 8 job(s) in queue
[ 3867.0426] Job 13 submitted
[ 3867.5306] * Processing event ScheduleEvent: 9 job(s) in queue
[ 4261.4541] Job 14 submitted
[ 4261.9560] * Processing event ScheduleEvent: 10 job(s) in queue
[ 4517.7244] Job 15 submitted
[ 4518.2305] * Processing event ScheduleEvent: 11 job(s) in queue
[ 4524.7323] Job 16 submitted
[ 4525.2383] * Processing event ScheduleEvent: 12 job(s) in queue
[ 4805.0229] Job 17 submitted
[ 4805.5320] * Processing event ScheduleEvent: 13 job(s) in queue
[ 5576.8358] Job 18 submitted
[ 5577.3512] * Processing event ScheduleEvent: 14 job(s) in queue
[ 6061.3429] Job 2 finished, took 5233.0 seconds
[ 6061.3430] Waiting 10 seconds before releasing Job 2's GPUs
[ 6071.3494] Job 2 released its GPUs, new GPU assignment = {'4465c88dda1f': [None, None, None, None, None, None, None, None]}
[ 6071.8725] * Processing event ScheduleEvent: 14 job(s) in queue
[ 6071.8727] * Processing event RunJobEvent(job=Job(6, BERTGlueWorkload(task=MRPC, gpu_demand=8, batch_size=64, num_steps=None, num_epochs=20, num_virtual_nodes_per_device=2), 10), initial_allocation=8)
[ 6071.8727] Job 6 was assigned 8 GPUs, new GPU assignment = {'4465c88dda1f': [6, 6, 6, 6, 6, 6, 6, 6]}
[ 6071.8856] Job 6 started with 8 GPUs (PID = 13899)
[ 6145.0036] Job 6 successfully resized to 8 GPUs
[ 6505.7968] Job 19 submitted
[ 6506.3318] * Processing event ScheduleEvent: 14 job(s) in queue
[ 7053.4174] Job 6 finished, took 981.5 seconds
[ 7053.4175] Waiting 10 seconds before releasing Job 6's GPUs
[ 7063.4280] Job 6 released its GPUs, new GPU assignment = {'4465c88dda1f': [None, None, None, None, None, None, None, None]}
[ 7063.9040] * Processing event ScheduleEvent: 14 job(s) in queue
[ 7063.9042] * Processing event RunJobEvent(job=Job(8, BERTGlueWorkload(task=SST-2, gpu_demand=2, batch_size=16, num_steps=None, num_epochs=1, num_virtual_nodes_per_device=2), 10), initial_allocation=2)
[ 7063.9042] Job 8 was assigned 2 GPUs, new GPU assignment = {'4465c88dda1f': [8, 8, None, None, None, None, None, None]}
[ 7063.9161] Job 8 started with 2 GPUs (PID = 18792)
[ 7063.9167] * Processing event RunJobEvent(job=Job(9, BERTGlueWorkload(task=SST-2, gpu_demand=2, batch_size=8, num_steps=None, num_epochs=1, num_virtual_nodes_per_device=1), 10), initial_allocation=2)
[ 7063.9168] Job 9 was assigned 2 GPUs, new GPU assignment = {'4465c88dda1f': [8, 8, 9, 9, None, None, None, None]}
[ 7063.9234] Job 9 started with 2 GPUs (PID = 18798)
[ 7113.7170] Job 8 successfully resized to 2 GPUs
[ 7117.8244] Job 9 successfully resized to 2 GPUs
[ 8601.3940] Job 8 finished, took 1537.5 seconds
[ 8601.3941] Waiting 10 seconds before releasing Job 8's GPUs
[ 8611.4043] Job 8 released its GPUs, new GPU assignment = {'4465c88dda1f': [None, None, 9, 9, None, None, None, None]}
[ 8611.5410] * Processing event ScheduleEvent: 12 job(s) in queue
[ 9133.0305] Job 9 finished, took 2069.1 seconds
[ 9133.0306] Waiting 10 seconds before releasing Job 9's GPUs
[ 9143.0411] Job 9 released its GPUs, new GPU assignment = {'4465c88dda1f': [None, None, None, None, None, None, None, None]}
[ 9143.1129] * Processing event ScheduleEvent: 12 job(s) in queue
[ 9143.1130] * Processing event RunJobEvent(job=Job(13, TransformerWorkload(gpu_demand=8, batch_size=2048, num_steps=4000, num_epochs=None), 10), initial_allocation=8)
[ 9143.1131] Job 13 was assigned 8 GPUs, new GPU assignment = {'4465c88dda1f': [13, 13, 13, 13, 13, 13, 13, 13]}
[ 9143.1261] Job 13 started with 8 GPUs (PID = 21282)
[ 9255.2426] Job 13 successfully resized to 8 GPUs
[12490.1892] Job 13 finished, took 3347.1 seconds
[12490.1893] Waiting 10 seconds before releasing Job 13's GPUs
[12500.1995] Job 13 released its GPUs, new GPU assignment = {'4465c88dda1f': [None, None, None, None, None, None, None, None]}
[12500.5197] * Processing event ScheduleEvent: 11 job(s) in queue
[12500.5199] * Processing event RunJobEvent(job=Job(14, ResNetWorkload(dataset=imagenet, gpu_demand=1, batch_size=128, num_steps=None, num_epochs=1, num_virtual_nodes_per_device=1), 10), initial_allocation=1)
[12500.5199] Job 14 was assigned 1 GPUs, new GPU assignment = {'4465c88dda1f': [14, None, None, None, None, None, None, None]}
[12500.5339] Job 14 started with 1 GPUs (PID = 28087)
[12500.5344] * Processing event RunJobEvent(job=Job(16, ResNetWorkload(dataset=imagenet, gpu_demand=4, batch_size=256, num_steps=None, num_epochs=3, num_virtual_nodes_per_device=2), 10), initial_allocation=4)
[12500.5345] Job 16 was assigned 4 GPUs, new GPU assignment = {'4465c88dda1f': [14, 16, 16, 16, 16, None, None, None]}
[12500.5494] Job 16 started with 4 GPUs (PID = 28095)
[12500.5498] * Processing event RunJobEvent(job=Job(18, BERTGlueWorkload(task=SST-2, gpu_demand=1, batch_size=4, num_steps=None, num_epochs=1, num_virtual_nodes_per_device=1), 10), initial_allocation=1)
[12500.5499] Job 18 was assigned 1 GPUs, new GPU assignment = {'4465c88dda1f': [14, 16, 16, 16, 16, 18, None, None]}
[12500.5647] Job 18 started with 1 GPUs (PID = 28120)
[12500.5651] * Processing event RunJobEvent(job=Job(11, ResNetWorkload(dataset=cifar10, gpu_demand=1, batch_size=64, num_steps=None, num_epochs=10, num_virtual_nodes_per_device=1), 5), initial_allocation=1)
[12500.5651] Job 11 was assigned 1 GPUs, new GPU assignment = {'4465c88dda1f': [14, 16, 16, 16, 16, 18, 11, None]}
[12500.5782] Job 11 started with 1 GPUs (PID = 28146)
[12563.7094] Job 16 successfully resized to 4 GPUs
[12987.5997] Job 11 finished, took 487.0 seconds
[12987.5998] Waiting 10 seconds before releasing Job 11's GPUs
[12997.6021] Job 11 released its GPUs, new GPU assignment = {'4465c88dda1f': [14, 16, 16, 16, 16, 18, None, None]}
[12998.0894] * Processing event ScheduleEvent: 7 job(s) in queue
[13881.3263] Job 18 finished, took 1380.8 seconds
[13881.3264] Waiting 10 seconds before releasing Job 18's GPUs
[13891.3365] Job 18 released its GPUs, new GPU assignment = {'4465c88dda1f': [14, 16, 16, 16, 16, None, None, None]}
[13892.0240] * Processing event ScheduleEvent: 7 job(s) in queue
[14230.0604] Job 14 finished, took 1729.5 seconds
[14230.0605] Waiting 10 seconds before releasing Job 14's GPUs
[14240.0706] Job 14 released its GPUs, new GPU assignment = {'4465c88dda1f': [None, 16, 16, 16, 16, None, None, None]}
[14240.3951] * Processing event ScheduleEvent: 7 job(s) in queue
[14240.3953] * Processing event RunJobEvent(job=Job(17, TransformerWorkload(gpu_demand=4, batch_size=4096, num_steps=4000, num_epochs=None), 5), initial_allocation=4)
[14240.3953] Job 17 was assigned 4 GPUs, new GPU assignment = {'4465c88dda1f': [17, 16, 16, 16, 16, 17, 17, 17]}
[14240.4087] Job 17 started with 4 GPUs (PID = 32507)
[14334.0813] Job 17 successfully resized to 4 GPUs
[17820.8929] Job 17 finished, took 3580.5 seconds
[17820.8930] Waiting 10 seconds before releasing Job 17's GPUs
[17830.9005] Job 17 released its GPUs, new GPU assignment = {'4465c88dda1f': [None, 16, 16, 16, 16, None, None, None]}
[17831.0558] * Processing event ScheduleEvent: 6 job(s) in queue
[18340.5039] Job 16 finished, took 5840.0 seconds
[18340.5040] Waiting 10 seconds before releasing Job 16's GPUs
[18350.5144] Job 16 released its GPUs, new GPU assignment = {'4465c88dda1f': [None, None, None, None, None, None, None, None]}
[18350.5861] * Processing event ScheduleEvent: 6 job(s) in queue
[18350.5863] * Processing event RunJobEvent(job=Job(1, BERTGlueWorkload(task=CoLA, gpu_demand=8, batch_size=32, num_steps=None, num_epochs=20, num_virtual_nodes_per_device=1), 1), initial_allocation=8)
[18350.5864] Job 1 was assigned 8 GPUs, new GPU assignment = {'4465c88dda1f': [1, 1, 1, 1, 1, 1, 1, 1]}
[18350.6026] Job 1 started with 8 GPUs (PID = 35924)
[18431.5238] Job 1 successfully resized to 8 GPUs
[21193.0443] Job 1 finished, took 2842.5 seconds
[21193.0444] Waiting 10 seconds before releasing Job 1's GPUs
[21203.0546] Job 1 released its GPUs, new GPU assignment = {'4465c88dda1f': [None, None, None, None, None, None, None, None]}
[21203.4164] * Processing event ScheduleEvent: 5 job(s) in queue
[21203.4165] * Processing event RunJobEvent(job=Job(7, BERTGlueWorkload(task=MRPC, gpu_demand=8, batch_size=64, num_steps=None, num_epochs=20, num_virtual_nodes_per_device=2), 1), initial_allocation=8)
[21203.4166] Job 7 was assigned 8 GPUs, new GPU assignment = {'4465c88dda1f': [7, 7, 7, 7, 7, 7, 7, 7]}
[21203.4290] Job 7 started with 8 GPUs (PID = 40817)
[21293.4256] Job 7 successfully resized to 8 GPUs
[22203.6528] Job 7 finished, took 1000.2 seconds
[22203.6529] Waiting 10 seconds before releasing Job 7's GPUs
[22213.6632] Job 7 released its GPUs, new GPU assignment = {'4465c88dda1f': [None, None, None, None, None, None, None, None]}
[22214.4532] * Processing event ScheduleEvent: 4 job(s) in queue
[22214.4533] * Processing event RunJobEvent(job=Job(10, BERTGlueWorkload(task=MRPC, gpu_demand=4, batch_size=32, num_steps=None, num_epochs=20, num_virtual_nodes_per_device=2), 1), initial_allocation=4)
[22214.4534] Job 10 was assigned 4 GPUs, new GPU assignment = {'4465c88dda1f': [10, 10, 10, 10, None, None, None, None]}
[22214.4675] Job 10 started with 4 GPUs (PID = 45710)
[22214.4681] * Processing event RunJobEvent(job=Job(12, BERTGlueWorkload(task=SST-2, gpu_demand=2, batch_size=8, num_steps=None, num_epochs=1, num_virtual_nodes_per_device=1), 1), initial_allocation=2)
[22214.4682] Job 12 was assigned 2 GPUs, new GPU assignment = {'4465c88dda1f': [10, 10, 10, 10, 12, 12, None, None]}
[22214.4809] Job 12 started with 2 GPUs (PID = 45718)
[22274.2432] Job 12 successfully resized to 2 GPUs
[22276.8544] Job 10 successfully resized to 4 GPUs
[23519.4140] Job 10 finished, took 1305.0 seconds
[23519.4141] Waiting 10 seconds before releasing Job 10's GPUs
[23529.4205] Job 10 released its GPUs, new GPU assignment = {'4465c88dda1f': [None, None, None, None, 12, 12, None, None]}
[23529.8293] * Processing event ScheduleEvent: 2 job(s) in queue
[24027.1817] Job 12 finished, took 1812.7 seconds
[24027.1818] Waiting 10 seconds before releasing Job 12's GPUs
[24037.1921] Job 12 released its GPUs, new GPU assignment = {'4465c88dda1f': [None, None, None, None, None, None, None, None]}
[24037.3746] * Processing event ScheduleEvent: 2 job(s) in queue
[24037.3750] * Processing event RunJobEvent(job=Job(15, BERTGlueWorkload(task=CoLA, gpu_demand=8, batch_size=64, num_steps=None, num_epochs=20, num_virtual_nodes_per_device=2), 1), initial_allocation=8)
[24037.3750] Job 15 was assigned 8 GPUs, new GPU assignment = {'4465c88dda1f': [15, 15, 15, 15, 15, 15, 15, 15]}
[24037.3873] Job 15 started with 8 GPUs (PID = 49416)
[24112.9565] Job 15 successfully resized to 8 GPUs
[26209.1411] Job 15 finished, took 2171.8 seconds
[26209.1412] Waiting 10 seconds before releasing Job 15's GPUs
[26219.1515] Job 15 released its GPUs, new GPU assignment = {'4465c88dda1f': [None, None, None, None, None, None, None, None]}
[26219.6006] * Processing event ScheduleEvent: 1 job(s) in queue
[26219.6008] * Processing event RunJobEvent(job=Job(19, BERTGlueWorkload(task=CoLA, gpu_demand=2, batch_size=16, num_steps=None, num_epochs=10, num_virtual_nodes_per_device=2), 1), initial_allocation=2)
[26219.6008] Job 19 was assigned 2 GPUs, new GPU assignment = {'4465c88dda1f': [19, 19, None, None, None, None, None, None]}
[26219.6131] Job 19 started with 2 GPUs (PID = 54309)
[26274.0486] Job 19 successfully resized to 2 GPUs
[27789.4379] Job 19 finished, took 1569.8 seconds
[27789.4380] Waiting 10 seconds before releasing Job 19's GPUs
[27799.4482] Job 19 released its GPUs, new GPU assignment = {'4465c88dda1f': [None, None, None, None, None, None, None, None]}
[27799.4483] Reached maximum number of 20 jobs
[27800.3197] Exiting event loop.
