[    0.0000] Running SchedulerMode.WFS scheduler on hosts 18380acdda5c with 4 GPU(s) per host
[    0.0009] Listening for scheduler requests on port 18383
[    0.0012] Started event loop...
[    0.0015] Running with trace: scheduler_traces/3jobs_4gpus_v1.json
[    1.0030] Job 0 submitted
[    2.0038] * Processing event ScheduleEvent: 1 job(s) in queue
[    2.0039] ... wfs schedule: current_allocations {}
[    2.0040] ... wfs schedule: potential_allocations {0: 4}
[    2.0041] ... wfs schedule: fair_allocations {0: 4}
[    2.0041] * Processing event RunJobEvent(job=Job(0, BERTGlueWorkload(task=SST-2, gpu_demand=4, batch_size=64, num_steps=105, num_epochs=10, num_virtual_nodes_per_device=2), 1), initial_allocation=4)
2020-09-13 00:36:28.534208: I tensorflow/stream_executor/platform/default/dso_loader.cc:44] Successfully opened dynamic library libcudart.so.10.0
[    5.6746] Job 0 was assigned 4 GPUs, new GPU assignment = {'18380acdda5c': [0, 0, 0, 0]}
[    5.6906] Job 0 started with 4 GPUs (PID = 30399)
[   79.0361] Job 0 successfully resized to 4 GPUs
[  240.2690] Job 1 submitted
[  240.9479] * Processing event ScheduleEvent: 1 job(s) in queue
[  240.9481] ... wfs schedule: current_allocations {0: 4}
[  240.9481] ... wfs schedule: potential_allocations {1: 2, 0: 2}
[  240.9481] ... wfs schedule: fair_allocations {1: 2, 0: 2}
[  240.9482] * Processing event ResizeEvent(job_id=0, target_num_workers=2)
[  240.9499] * Processing event RunJobEvent(job=Job(1, ResNetWorkload(dataset=cifar10, gpu_demand=2, batch_size=128, num_steps=None, num_epochs=100, num_virtual_nodes_per_device=1), 5), initial_allocation=2)
[  241.0262] Job 0 successfully resized to 2 GPUs
[  241.0266] Job 0 released 2 GPUs, new GPU assignment: {'18380acdda5c': [0, 0, None, None]}
[  241.9512] * Processing event RunJobEvent(job=Job(1, ResNetWorkload(dataset=cifar10, gpu_demand=2, batch_size=128, num_steps=None, num_epochs=100, num_virtual_nodes_per_device=1), 5), initial_allocation=2)
[  241.9514] Job 1 was assigned 2 GPUs, new GPU assignment = {'18380acdda5c': [0, 0, 1, 1]}
[  241.9659] Job 1 started with 2 GPUs (PID = 32904)
[  289.6957] Job 1 successfully resized to 2 GPUs
[ 1020.0815] Job 2 submitted
[ 1020.7804] * Processing event ScheduleEvent: 1 job(s) in queue
[ 1020.7807] ... wfs schedule: current_allocations {0: 2, 1: 2}
[ 1020.7807] ... wfs schedule: potential_allocations {0: 1, 1: 1, 2: 2}
[ 1020.7808] ... wfs schedule: fair_allocations {0: 1, 1: 1, 2: 2}
[ 1020.7808] * Processing event ResizeEvent(job_id=0, target_num_workers=1)
[ 1020.7821] * Processing event ResizeEvent(job_id=1, target_num_workers=1)
[ 1020.7830] * Processing event RunJobEvent(job=Job(2, BERTGlueWorkload(task=QNLI, gpu_demand=4, batch_size=64, num_steps=327, num_epochs=15, num_virtual_nodes_per_device=2), 10), initial_allocation=2)
[ 1020.8343] Job 1 successfully resized to 1 GPUs
[ 1020.8359] Job 1 released 1 GPUs, new GPU assignment: {'18380acdda5c': [0, 0, 1, None]}
[ 1021.7756] Job 0 successfully resized to 1 GPUs
[ 1021.7781] Job 0 released 1 GPUs, new GPU assignment: {'18380acdda5c': [0, None, 1, None]}
[ 1021.7845] * Processing event RunJobEvent(job=Job(2, BERTGlueWorkload(task=QNLI, gpu_demand=4, batch_size=64, num_steps=327, num_epochs=15, num_virtual_nodes_per_device=2), 10), initial_allocation=2)
[ 1021.7846] Job 2 was assigned 2 GPUs, new GPU assignment = {'18380acdda5c': [0, 2, 1, 2]}
[ 1021.8002] Job 2 started with 2 GPUs (PID = 34313)
[ 1100.8450] Job 2 successfully resized to 2 GPUs
[ 1543.6603] Job 0 finished, took 1538.0 seconds
[ 1543.6604] Job 0 released its GPUs, new GPU assignment = {'18380acdda5c': [None, 2, 1, 2]}
[ 1544.3446] * Processing event ScheduleEvent: 0 job(s) in queue
[ 1544.3449] ... wfs schedule: current_allocations {2: 2, 1: 1}
[ 1544.3449] ... wfs schedule: fair_allocations {1: 2, 2: 2}
[ 1544.3449] * Processing event ResizeEvent(job_id=1, target_num_workers=2)
[ 1544.3450] Job 1 was assigned 1 new GPUs, new GPU assignment: {'18380acdda5c': [1, 2, 1, 2]}
[ 1593.5610] Job 1 successfully resized to 2 GPUs
[ 2582.0148] Job 1 finished, took 2340.1 seconds
[ 2582.0149] Job 1 released its GPUs, new GPU assignment = {'18380acdda5c': [None, 2, None, 2]}
[ 2582.4182] * Processing event ScheduleEvent: 0 job(s) in queue
[ 2582.4183] ... wfs schedule: current_allocations {2: 2}
[ 2582.4183] ... wfs schedule: fair_allocations {2: 4}
[ 2582.4184] * Processing event ResizeEvent(job_id=2, target_num_workers=4)
[ 2582.4184] Job 2 was assigned 2 new GPUs, new GPU assignment: {'18380acdda5c': [2, 2, 2, 2]}
[ 2637.9422] Job 2 successfully resized to 4 GPUs
[ 4361.9377] Job 2 finished, took 3340.2 seconds
[ 4361.9378] Job 2 released its GPUs, new GPU assignment = {'18380acdda5c': [None, None, None, None]}
[ 4361.9379] Reached maximum number of 3 jobs
[ 4362.3127] Exiting event loop.
