[    0.0000] Running SchedulerMode.WFS scheduler on hosts 18380acdda5c with 4 GPU(s) per host
[    0.0006] Listening for scheduler requests on port 18383
[    0.0009] Started event loop...
[    0.0011] Running with trace: scheduler_traces/3jobs_4gpus_v1.json
[    1.0026] Job 0 submitted
[    2.0032] * Processing event ScheduleEvent: 1 job(s) in queue
[    2.0033] ... wfs schedule: current_allocations {}
[    2.0033] ... wfs schedule: potential_allocations {0: 4}
[    2.0033] ... wfs schedule: fair_allocations {0: 4}
[    2.0034] * Processing event RunJobEvent(job=Job(0, BERTGlueWorkload(task=SST-2, gpu_demand=4, batch_size=64, num_steps=105, num_epochs=10, num_virtual_nodes_per_device=2), 1), initial_allocation=4)
2020-09-08 16:28:46.620774: I tensorflow/stream_executor/platform/default/dso_loader.cc:44] Successfully opened dynamic library libcudart.so.10.0
[    4.3976] Job 0 was assigned 4 GPUs, new GPU assignment = {'18380acdda5c': [0, 0, 0, 0]}
[    4.4125] Job 0 started with 4 GPUs (PID = 38053)
[   96.2633] Job 0 successfully resized to 4 GPUs
[  240.2672] Job 1 submitted
[  240.6743] * Processing event ScheduleEvent: 1 job(s) in queue
[  240.6745] ... wfs schedule: current_allocations {0: 4}
[  240.6746] ... wfs schedule: potential_allocations {1: 2, 0: 2}
[  240.6746] ... wfs schedule: fair_allocations {1: 2, 0: 2}
[  240.6746] * Processing event ResizeEvent(job_id=0, target_num_workers=2)
[  240.6764] * Processing event RunJobEvent(job=Job(1, ResNetWorkload(dataset=cifar10, gpu_demand=2, batch_size=128, num_steps=None, num_epochs=100, num_virtual_nodes_per_device=1), 5), initial_allocation=2)
[  240.8457] Job 0 successfully resized to 2 GPUs
[  240.8458] Job 0 released 2 GPUs, new GPU assignment: {'18380acdda5c': [0, 0, None, None]}
[  241.6778] * Processing event RunJobEvent(job=Job(1, ResNetWorkload(dataset=cifar10, gpu_demand=2, batch_size=128, num_steps=None, num_epochs=100, num_virtual_nodes_per_device=1), 5), initial_allocation=2)
[  241.6779] Job 1 was assigned 2 GPUs, new GPU assignment = {'18380acdda5c': [0, 0, 1, 1]}
[  241.6913] Job 1 started with 2 GPUs (PID = 40557)
[  293.2492] Job 1 successfully resized to 2 GPUs
[  960.0120] Job 2 submitted
[  960.4501] * Processing event ScheduleEvent: 1 job(s) in queue
[  960.4503] ... wfs schedule: current_allocations {0: 2, 1: 2}
[  960.4503] ... wfs schedule: potential_allocations {0: 1, 1: 1, 2: 2}
[  960.4503] ... wfs schedule: fair_allocations {0: 1, 1: 1, 2: 2}
[  960.4504] * Processing event ResizeEvent(job_id=0, target_num_workers=1)
[  960.4512] * Processing event ResizeEvent(job_id=1, target_num_workers=1)
[  960.4518] * Processing event RunJobEvent(job=Job(2, BERTGlueWorkload(task=QNLI, gpu_demand=4, batch_size=32, num_steps=327, num_epochs=10, num_virtual_nodes_per_device=1), 10), initial_allocation=2)
[  960.4917] Job 1 successfully resized to 1 GPUs
[  960.4917] Job 1 released 1 GPUs, new GPU assignment: {'18380acdda5c': [0, 0, 1, None]}
[  960.8243] Job 0 successfully resized to 1 GPUs
[  960.8243] Job 0 released 1 GPUs, new GPU assignment: {'18380acdda5c': [0, None, 1, None]}
[  961.4529] * Processing event RunJobEvent(job=Job(2, BERTGlueWorkload(task=QNLI, gpu_demand=4, batch_size=32, num_steps=327, num_epochs=10, num_virtual_nodes_per_device=1), 10), initial_allocation=2)
[  961.4530] Job 2 was assigned 2 GPUs, new GPU assignment = {'18380acdda5c': [0, 2, 1, 2]}
[  961.4682] Job 2 started with 2 GPUs (PID = 41964)
[ 1019.6082] Job 2 successfully resized to 2 GPUs
[ 1596.9241] Job 0 finished, took 1592.5 seconds
[ 1596.9242] Job 0 released its GPUs, new GPU assignment = {'18380acdda5c': [None, 2, 1, 2]}
[ 1597.1418] * Processing event ScheduleEvent: 0 job(s) in queue
[ 1597.1420] ... wfs schedule: current_allocations {2: 2, 1: 1}
[ 1597.1421] ... wfs schedule: fair_allocations {1: 2, 2: 2}
[ 1597.1421] * Processing event ResizeEvent(job_id=1, target_num_workers=2)
[ 1597.1422] Job 1 was assigned 1 new GPUs, new GPU assignment: {'18380acdda5c': [1, 2, 1, 2]}
[ 1643.7364] Job 1 successfully resized to 2 GPUs
[ 2530.1645] Job 2 finished, took 1568.7 seconds
[ 2530.1646] Job 2 released its GPUs, new GPU assignment = {'18380acdda5c': [1, None, 1, None]}
[ 2531.1027] * Processing event ScheduleEvent: 0 job(s) in queue
[ 2531.1028] ... wfs schedule: current_allocations {1: 2}
[ 2531.1028] ... wfs schedule: fair_allocations {1: 2}
[ 2582.6044] Job 1 finished, took 2340.9 seconds
[ 2582.6045] Job 1 released its GPUs, new GPU assignment = {'18380acdda5c': [None, None, None, None]}
[ 2582.6045] Reached maximum number of 3 jobs
[ 2583.1593] Exiting event loop.
