[    0.0000] Running SchedulerMode.PRIORITY scheduler on hosts 18380acdda5c with 4 GPU(s) per host
[    0.0007] Listening for scheduler requests on port 18383
[    0.0010] Started event loop...
[    0.0012] Running with trace: scheduler_traces/3jobs_4gpus_v1.json
[    1.0026] Job 0 submitted
[    2.0033] * Processing event ScheduleEvent: 1 job(s) in queue
2020-09-08 17:11:50.214529: I tensorflow/stream_executor/platform/default/dso_loader.cc:44] Successfully opened dynamic library libcudart.so.10.0
[    4.3782] * Processing event RunJobEvent(job=Job(0, BERTGlueWorkload(task=SST-2, gpu_demand=4, batch_size=64, num_steps=105, num_epochs=10, num_virtual_nodes_per_device=2), 1), initial_allocation=4)
[    4.3787] Job 0 was assigned 4 GPUs, new GPU assignment = {'18380acdda5c': [0, 0, 0, 0]}
[    4.3939] Job 0 started with 4 GPUs (PID = 44326)
[   67.2022] Job 0 successfully resized to 4 GPUs
[  240.2635] Job 1 submitted
[  240.6515] * Processing event ScheduleEvent: 1 job(s) in queue
[  899.2907] Job 0 finished, took 894.9 seconds
[  899.2907] Job 0 released its GPUs, new GPU assignment = {'18380acdda5c': [None, None, None, None]}
[  899.3437] * Processing event ScheduleEvent: 1 job(s) in queue
[  899.3439] * Processing event RunJobEvent(job=Job(1, ResNetWorkload(dataset=cifar10, gpu_demand=2, batch_size=128, num_steps=None, num_epochs=100, num_virtual_nodes_per_device=1), 5), initial_allocation=2)
[  899.3440] Job 1 was assigned 2 GPUs, new GPU assignment = {'18380acdda5c': [1, 1, None, None]}
[  899.3573] Job 1 started with 2 GPUs (PID = 47075)
[  947.3626] Job 1 successfully resized to 2 GPUs
[  960.0251] Job 2 submitted
[  960.4305] * Processing event ScheduleEvent: 1 job(s) in queue
[ 2821.8583] Job 1 finished, took 1922.5 seconds
[ 2821.8584] Job 1 released its GPUs, new GPU assignment = {'18380acdda5c': [None, None, None, None]}
[ 2822.4292] * Processing event ScheduleEvent: 1 job(s) in queue
[ 2822.4294] * Processing event RunJobEvent(job=Job(2, BERTGlueWorkload(task=QNLI, gpu_demand=4, batch_size=32, num_steps=327, num_epochs=10, num_virtual_nodes_per_device=1), 10), initial_allocation=4)
[ 2822.4294] Job 2 was assigned 4 GPUs, new GPU assignment = {'18380acdda5c': [2, 2, 2, 2]}
[ 2822.4434] Job 2 started with 4 GPUs (PID = 48636)
[ 2896.6150] Job 2 successfully resized to 4 GPUs
[ 4658.8231] Job 2 finished, took 1836.4 seconds
[ 4658.8232] Job 2 released its GPUs, new GPU assignment = {'18380acdda5c': [None, None, None, None]}
[ 4658.8232] Reached maximum number of 3 jobs
[ 4659.3823] Exiting event loop.
