[    0.0000] Running SchedulerMode.PRIORITY scheduler on hosts ns-l10c2n9,ns-l10c2n10,ns-l10c2n11,ns-l10c2n12 with 1 GPU(s) per host
[    0.0008] Listening for scheduler requests on port 18383
[    0.0011] Started event loop...
[    0.0015] Running with trace: scheduler_traces/ns25_30jph.json
[    1.0036] Job 0 submitted
[    2.0030] * Processing event ScheduleEvent: 1 job(s) in queue
--------------------------------------------------------------------------
By default, for Open MPI 4.0 and later, infiniband ports on a device
are not used by default.  The intent is to use UCX for these devices.
You can override this policy by setting the btl_openib_allow_ib MCA parameter
to true.

  Local host:              ns-l10c2n9
  Local adapter:           mlx4_0
  Local port:              1

--------------------------------------------------------------------------
--------------------------------------------------------------------------
WARNING: There was an error initializing an OpenFabrics device.

  Local host:   ns-l10c2n9
  Local device: mlx4_0
--------------------------------------------------------------------------
[    5.5359] * Processing event RunJobEvent(job=Job(0, ResNetWorkload(dataset=cifar10, gpu_demand=4, batch_size=128, num_steps=None, num_epochs=1), 1), initial_allocation=4)
[    5.5372] Job 0 was assigned 4 GPUs, new GPU assignment = {'ns-l10c2n9': [0], 'ns-l10c2n10': [0], 'ns-l10c2n11': [0], 'ns-l10c2n12': [0]}
[    5.5441] Job 0 started with 4 GPUs (PID = 17428)
[    5.5447] Job 1 submitted
[    6.5456] * Processing event ScheduleEvent: 1 job(s) in queue
[   45.5603] Job 0 successfully resized to 4 GPUs
[   50.5911] Job 2 submitted
[   50.5927] * Processing event ScheduleEvent: 2 job(s) in queue
[   95.6415] Job 3 submitted
[   95.6535] * Processing event ScheduleEvent: 3 job(s) in queue
[  109.6566] Job 4 submitted
[  109.6745] * Processing event ScheduleEvent: 4 job(s) in queue
[  134.6862] Job 5 submitted
[  134.7105] * Processing event ScheduleEvent: 5 job(s) in queue
[  165.7265] Job 6 submitted
[  165.7565] * Processing event ScheduleEvent: 6 job(s) in queue
[  289.8910] Job 7 submitted
[  289.9065] * Processing event ScheduleEvent: 7 job(s) in queue
[  382.3683] Job 0 finished, took 376.8 seconds
[  382.3683] Job 0 released its GPUs, new GPU assignment = {'ns-l10c2n9': [None], 'ns-l10c2n10': [None], 'ns-l10c2n11': [None], 'ns-l10c2n12': [None]}
[  383.0304] * Processing event ScheduleEvent: 7 job(s) in queue
[  383.0305] * Processing event RunJobEvent(job=Job(6, BERTGlueWorkload(task=MRPC, gpu_demand=1, batch_size=2, num_steps=50, num_epochs=None), 10), initial_allocation=1)
[  383.0305] Job 6 was assigned 1 GPUs, new GPU assignment = {'ns-l10c2n9': [6], 'ns-l10c2n10': [None], 'ns-l10c2n11': [None], 'ns-l10c2n12': [None]}
[  383.0375] Job 6 started with 1 GPUs (PID = 18070)
[  383.0380] * Processing event RunJobEvent(job=Job(1, BERTGlueWorkload(task=MRPC, gpu_demand=1, batch_size=2, num_steps=50, num_epochs=None), 5), initial_allocation=1)
[  383.0381] Job 1 was assigned 1 GPUs, new GPU assignment = {'ns-l10c2n9': [6], 'ns-l10c2n10': [1], 'ns-l10c2n11': [None], 'ns-l10c2n12': [None]}
[  383.0433] Job 1 started with 1 GPUs (PID = 18073)
[  391.0271] Job 8 submitted
[  391.0521] * Processing event ScheduleEvent: 6 job(s) in queue
[  466.2796] Job 1 finished, took 83.2 seconds
[  466.2797] Job 1 released its GPUs, new GPU assignment = {'ns-l10c2n9': [6], 'ns-l10c2n10': [None], 'ns-l10c2n11': [None], 'ns-l10c2n12': [None]}
[  466.7246] Job 6 finished, took 83.7 seconds
[  466.7247] Job 6 released its GPUs, new GPU assignment = {'ns-l10c2n9': [None], 'ns-l10c2n10': [None], 'ns-l10c2n11': [None], 'ns-l10c2n12': [None]}
[  467.1607] * Processing event ScheduleEvent: 6 job(s) in queue
[  467.1608] * Processing event ScheduleEvent: 5 job(s) in queue
[  467.1608] * Processing event RunJobEvent(job=Job(3, TransformerWorkload(gpu_demand=4, batch_size=512, num_steps=50, num_epochs=None), 5), initial_allocation=4)
[  467.1608] Job 3 was assigned 4 GPUs, new GPU assignment = {'ns-l10c2n9': [3], 'ns-l10c2n10': [3], 'ns-l10c2n11': [3], 'ns-l10c2n12': [3]}
[  467.1687] Job 3 started with 4 GPUs (PID = 18493)
[  468.1695] * Processing event ScheduleEvent: 5 job(s) in queue
[  534.4514] Job 3 successfully resized to 4 GPUs
[  650.3735] Job 9 submitted
[  650.4376] * Processing event ScheduleEvent: 6 job(s) in queue
[  751.9270] Job 3 finished, took 284.8 seconds
[  751.9271] Job 3 released its GPUs, new GPU assignment = {'ns-l10c2n9': [None], 'ns-l10c2n10': [None], 'ns-l10c2n11': [None], 'ns-l10c2n12': [None]}
[  752.6158] * Processing event ScheduleEvent: 6 job(s) in queue
[  752.6160] * Processing event RunJobEvent(job=Job(4, TransformerWorkload(gpu_demand=2, batch_size=256, num_steps=300, num_epochs=None), 5), initial_allocation=2)
[  752.6160] Job 4 was assigned 2 GPUs, new GPU assignment = {'ns-l10c2n9': [4], 'ns-l10c2n10': [4], 'ns-l10c2n11': [None], 'ns-l10c2n12': [None]}
[  752.6236] Job 4 started with 2 GPUs (PID = 19137)
[  752.6241] * Processing event RunJobEvent(job=Job(5, TransformerWorkload(gpu_demand=2, batch_size=256, num_steps=300, num_epochs=None), 5), initial_allocation=2)
[  752.6241] Job 5 was assigned 2 GPUs, new GPU assignment = {'ns-l10c2n9': [4], 'ns-l10c2n10': [4], 'ns-l10c2n11': [5], 'ns-l10c2n12': [5]}
[  752.6293] Job 5 started with 2 GPUs (PID = 19140)
[  809.7394] Job 4 successfully resized to 2 GPUs
[  809.7632] Job 5 successfully resized to 2 GPUs
[ 1009.9343] Job 10 submitted
[ 1010.0017] * Processing event ScheduleEvent: 5 job(s) in queue
[ 1164.1747] Job 11 submitted
[ 1164.2175] * Processing event ScheduleEvent: 6 job(s) in queue
[ 1182.2006] Job 12 submitted
[ 1182.2396] * Processing event ScheduleEvent: 7 job(s) in queue
[ 1328.4196] Job 13 submitted
[ 1328.4602] * Processing event ScheduleEvent: 8 job(s) in queue
[ 1381.5119] Job 14 submitted
[ 1381.5345] * Processing event ScheduleEvent: 9 job(s) in queue
[ 1486.6685] Job 15 submitted
[ 1486.6766] * Processing event ScheduleEvent: 10 job(s) in queue
[ 1588.0975] Job 4 finished, took 835.5 seconds
[ 1588.0976] Job 4 released its GPUs, new GPU assignment = {'ns-l10c2n9': [None], 'ns-l10c2n10': [None], 'ns-l10c2n11': [5], 'ns-l10c2n12': [5]}
[ 1588.8549] * Processing event ScheduleEvent: 10 job(s) in queue
[ 1588.8550] * Processing event RunJobEvent(job=Job(10, ResNetWorkload(dataset=cifar10, gpu_demand=2, batch_size=64, num_steps=500, num_epochs=None), 10), initial_allocation=2)
[ 1588.8550] Job 10 was assigned 2 GPUs, new GPU assignment = {'ns-l10c2n9': [10], 'ns-l10c2n10': [10], 'ns-l10c2n11': [5], 'ns-l10c2n12': [5]}
[ 1588.8623] Job 10 started with 2 GPUs (PID = 20272)
[ 1592.7980] Job 5 finished, took 840.2 seconds
[ 1592.7980] Job 5 released its GPUs, new GPU assignment = {'ns-l10c2n9': [10], 'ns-l10c2n10': [10], 'ns-l10c2n11': [None], 'ns-l10c2n12': [None]}
[ 1592.8657] * Processing event ScheduleEvent: 9 job(s) in queue
[ 1592.8658] * Processing event RunJobEvent(job=Job(12, BERTGlueWorkload(task=MRPC, gpu_demand=2, batch_size=4, num_steps=50, num_epochs=None), 10), initial_allocation=2)
[ 1592.8658] Job 12 was assigned 2 GPUs, new GPU assignment = {'ns-l10c2n9': [10], 'ns-l10c2n10': [10], 'ns-l10c2n11': [12], 'ns-l10c2n12': [12]}
[ 1592.8740] Job 12 started with 2 GPUs (PID = 20386)
[ 1610.8342] Job 16 submitted
[ 1610.8925] * Processing event ScheduleEvent: 9 job(s) in queue
[ 1625.9759] Job 10 successfully resized to 2 GPUs
[ 1637.9838] Job 12 successfully resized to 2 GPUs
[ 1694.9385] Job 17 submitted
[ 1694.9896] * Processing event ScheduleEvent: 10 job(s) in queue
[ 1736.8310] Job 12 finished, took 144.0 seconds
[ 1736.8311] Job 12 released its GPUs, new GPU assignment = {'ns-l10c2n9': [10], 'ns-l10c2n10': [10], 'ns-l10c2n11': [None], 'ns-l10c2n12': [None]}
[ 1737.0365] * Processing event ScheduleEvent: 10 job(s) in queue
[ 1737.0367] * Processing event RunJobEvent(job=Job(17, BERTGlueWorkload(task=MRPC, gpu_demand=1, batch_size=2, num_steps=200, num_epochs=None), 10), initial_allocation=1)
[ 1737.0367] Job 17 was assigned 1 GPUs, new GPU assignment = {'ns-l10c2n9': [10], 'ns-l10c2n10': [10], 'ns-l10c2n11': [17], 'ns-l10c2n12': [None]}
[ 1737.0493] Job 17 started with 1 GPUs (PID = 20724)
[ 1799.0645] Job 18 submitted
[ 1799.1205] * Processing event ScheduleEvent: 10 job(s) in queue
[ 1799.1207] * Processing event RunJobEvent(job=Job(18, BERTGlueWorkload(task=MRPC, gpu_demand=1, batch_size=2, num_steps=200, num_epochs=None), 10), initial_allocation=1)
[ 1799.1207] Job 18 was assigned 1 GPUs, new GPU assignment = {'ns-l10c2n9': [10], 'ns-l10c2n10': [10], 'ns-l10c2n11': [17], 'ns-l10c2n12': [18]}
[ 1799.1311] Job 18 started with 1 GPUs (PID = 20810)
[ 1856.1288] Job 19 submitted
[ 1856.1946] * Processing event ScheduleEvent: 10 job(s) in queue
[ 1856.5858] Job 10 finished, took 267.7 seconds
[ 1856.5859] Job 10 released its GPUs, new GPU assignment = {'ns-l10c2n9': [None], 'ns-l10c2n10': [None], 'ns-l10c2n11': [17], 'ns-l10c2n12': [18]}
[ 1857.1958] * Processing event ScheduleEvent: 10 job(s) in queue
[ 1857.1958] * Processing event RunJobEvent(job=Job(19, ResNetWorkload(dataset=cifar10, gpu_demand=1, batch_size=32, num_steps=500, num_epochs=None), 10), initial_allocation=1)
[ 1857.1959] Job 19 was assigned 1 GPUs, new GPU assignment = {'ns-l10c2n9': [19], 'ns-l10c2n10': [None], 'ns-l10c2n11': [17], 'ns-l10c2n12': [18]}
[ 1857.2027] Job 19 started with 1 GPUs (PID = 20910)
[ 1955.9027] Job 17 finished, took 218.9 seconds
[ 1955.9028] Job 17 released its GPUs, new GPU assignment = {'ns-l10c2n9': [19], 'ns-l10c2n10': [None], 'ns-l10c2n11': [None], 'ns-l10c2n12': [18]}
[ 1956.3038] * Processing event ScheduleEvent: 9 job(s) in queue
[ 1956.3040] * Processing event RunJobEvent(job=Job(7, TransformerWorkload(gpu_demand=2, batch_size=256, num_steps=300, num_epochs=None), 5), initial_allocation=2)
[ 1956.3040] Job 7 was assigned 2 GPUs, new GPU assignment = {'ns-l10c2n9': [19], 'ns-l10c2n10': [7], 'ns-l10c2n11': [7], 'ns-l10c2n12': [18]}
[ 1956.3126] Job 7 started with 2 GPUs (PID = 21281)
[ 2004.4230] Job 19 finished, took 147.2 seconds
[ 2004.4231] Job 19 released its GPUs, new GPU assignment = {'ns-l10c2n9': [None], 'ns-l10c2n10': [7], 'ns-l10c2n11': [7], 'ns-l10c2n12': [18]}
[ 2005.3626] * Processing event ScheduleEvent: 8 job(s) in queue
[ 2005.3627] * Processing event RunJobEvent(job=Job(11, ResNetWorkload(dataset=cifar10, gpu_demand=1, batch_size=32, num_steps=None, num_epochs=1), 5), initial_allocation=1)
[ 2005.3628] Job 11 was assigned 1 GPUs, new GPU assignment = {'ns-l10c2n9': [11], 'ns-l10c2n10': [7], 'ns-l10c2n11': [7], 'ns-l10c2n12': [18]}
[ 2005.3698] Job 11 started with 1 GPUs (PID = 21355)
[ 2014.5267] Job 7 successfully resized to 2 GPUs
[ 2017.4986] Job 18 finished, took 218.4 seconds
[ 2017.4986] Job 18 released its GPUs, new GPU assignment = {'ns-l10c2n9': [11], 'ns-l10c2n10': [7], 'ns-l10c2n11': [7], 'ns-l10c2n12': [None]}
[ 2018.3830] * Processing event ScheduleEvent: 7 job(s) in queue
[ 2018.3831] * Processing event RunJobEvent(job=Job(14, TransformerWorkload(gpu_demand=1, batch_size=128, num_steps=300, num_epochs=None), 5), initial_allocation=1)
[ 2018.3831] Job 14 was assigned 1 GPUs, new GPU assignment = {'ns-l10c2n9': [11], 'ns-l10c2n10': [7], 'ns-l10c2n11': [7], 'ns-l10c2n12': [14]}
[ 2018.3901] Job 14 started with 1 GPUs (PID = 21647)
[ 2253.5548] Job 20 submitted
[ 2253.6319] * Processing event ScheduleEvent: 7 job(s) in queue
[ 2362.6944] Job 14 finished, took 344.3 seconds
[ 2362.6944] Job 14 released its GPUs, new GPU assignment = {'ns-l10c2n9': [11], 'ns-l10c2n10': [7], 'ns-l10c2n11': [7], 'ns-l10c2n12': [None]}
[ 2362.7475] * Processing event ScheduleEvent: 7 job(s) in queue
[ 2362.7477] * Processing event RunJobEvent(job=Job(20, BERTGlueWorkload(task=MRPC, gpu_demand=1, batch_size=2, num_steps=50, num_epochs=None), 10), initial_allocation=1)
[ 2362.7477] Job 20 was assigned 1 GPUs, new GPU assignment = {'ns-l10c2n9': [11], 'ns-l10c2n10': [7], 'ns-l10c2n11': [7], 'ns-l10c2n12': [20]}
[ 2362.7597] Job 20 started with 1 GPUs (PID = 21992)
[ 2400.8363] Job 11 finished, took 395.5 seconds
[ 2400.8364] Job 11 released its GPUs, new GPU assignment = {'ns-l10c2n9': [None], 'ns-l10c2n10': [7], 'ns-l10c2n11': [7], 'ns-l10c2n12': [20]}
[ 2401.8045] * Processing event ScheduleEvent: 6 job(s) in queue
[ 2443.9956] Job 20 finished, took 81.2 seconds
[ 2443.9957] Job 20 released its GPUs, new GPU assignment = {'ns-l10c2n9': [None], 'ns-l10c2n10': [7], 'ns-l10c2n11': [7], 'ns-l10c2n12': [None]}
[ 2444.8500] * Processing event ScheduleEvent: 6 job(s) in queue
[ 2444.8501] * Processing event RunJobEvent(job=Job(15, BERTGlueWorkload(task=MRPC, gpu_demand=2, batch_size=4, num_steps=50, num_epochs=None), 5), initial_allocation=2)
[ 2444.8502] Job 15 was assigned 2 GPUs, new GPU assignment = {'ns-l10c2n9': [15], 'ns-l10c2n10': [7], 'ns-l10c2n11': [7], 'ns-l10c2n12': [15]}
[ 2444.8580] Job 15 started with 2 GPUs (PID = 22113)
[ 2489.4035] Job 15 successfully resized to 2 GPUs
[ 2587.5778] Job 15 finished, took 142.7 seconds
[ 2587.5779] Job 15 released its GPUs, new GPU assignment = {'ns-l10c2n9': [None], 'ns-l10c2n10': [7], 'ns-l10c2n11': [7], 'ns-l10c2n12': [None]}
[ 2588.0387] * Processing event ScheduleEvent: 5 job(s) in queue
[ 2588.0388] * Processing event RunJobEvent(job=Job(2, BERTGlueWorkload(task=MRPC, gpu_demand=2, batch_size=4, num_steps=200, num_epochs=None), 1), initial_allocation=2)
[ 2588.0388] Job 2 was assigned 2 GPUs, new GPU assignment = {'ns-l10c2n9': [2], 'ns-l10c2n10': [7], 'ns-l10c2n11': [7], 'ns-l10c2n12': [2]}
[ 2588.0463] Job 2 started with 2 GPUs (PID = 22550)
[ 2600.9800] Job 21 submitted
[ 2601.0613] * Processing event ScheduleEvent: 5 job(s) in queue
[ 2633.1328] Job 2 successfully resized to 2 GPUs
[ 2786.5310] Job 7 finished, took 830.2 seconds
[ 2786.5311] Job 7 released its GPUs, new GPU assignment = {'ns-l10c2n9': [2], 'ns-l10c2n10': [None], 'ns-l10c2n11': [None], 'ns-l10c2n12': [2]}
[ 2787.3325] * Processing event ScheduleEvent: 5 job(s) in queue
[ 2904.3885] Job 22 submitted
[ 2904.5114] * Processing event ScheduleEvent: 6 job(s) in queue
[ 2910.3946] Job 23 submitted
[ 2910.5176] * Processing event ScheduleEvent: 7 job(s) in queue
[ 2910.5178] * Processing event RunJobEvent(job=Job(23, TransformerWorkload(gpu_demand=1, batch_size=128, num_steps=300, num_epochs=None), 10), initial_allocation=1)
[ 2910.5178] Job 23 was assigned 1 GPUs, new GPU assignment = {'ns-l10c2n9': [2], 'ns-l10c2n10': [23], 'ns-l10c2n11': [None], 'ns-l10c2n12': [2]}
[ 2910.5270] Job 23 started with 1 GPUs (PID = 23154)
[ 2962.4791] Job 24 submitted
[ 2962.6166] * Processing event ScheduleEvent: 7 job(s) in queue
[ 2962.6168] * Processing event RunJobEvent(job=Job(24, TransformerWorkload(gpu_demand=1, batch_size=128, num_steps=300, num_epochs=None), 10), initial_allocation=1)
[ 2962.6168] Job 24 was assigned 1 GPUs, new GPU assignment = {'ns-l10c2n9': [2], 'ns-l10c2n10': [23], 'ns-l10c2n11': [24], 'ns-l10c2n12': [2]}
[ 2962.6249] Job 24 started with 1 GPUs (PID = 23231)
[ 2989.7096] Job 2 finished, took 401.7 seconds
[ 2989.7096] Job 2 released its GPUs, new GPU assignment = {'ns-l10c2n9': [None], 'ns-l10c2n10': [23], 'ns-l10c2n11': [24], 'ns-l10c2n12': [None]}
[ 2990.6847] * Processing event ScheduleEvent: 6 job(s) in queue
[ 3255.6590] Job 23 finished, took 345.1 seconds
[ 3255.6590] Job 23 released its GPUs, new GPU assignment = {'ns-l10c2n9': [None], 'ns-l10c2n10': [None], 'ns-l10c2n11': [24], 'ns-l10c2n12': [None]}
[ 3255.9665] * Processing event ScheduleEvent: 6 job(s) in queue
[ 3310.1218] Job 24 finished, took 347.5 seconds
[ 3310.1219] Job 24 released its GPUs, new GPU assignment = {'ns-l10c2n9': [None], 'ns-l10c2n10': [None], 'ns-l10c2n11': [None], 'ns-l10c2n12': [None]}
[ 3311.0250] * Processing event ScheduleEvent: 6 job(s) in queue
[ 3311.0251] * Processing event RunJobEvent(job=Job(21, BERTGlueWorkload(task=MRPC, gpu_demand=4, batch_size=8, num_steps=50, num_epochs=None), 5), initial_allocation=4)
[ 3311.0251] Job 21 was assigned 4 GPUs, new GPU assignment = {'ns-l10c2n9': [21], 'ns-l10c2n10': [21], 'ns-l10c2n11': [21], 'ns-l10c2n12': [21]}
[ 3311.0327] Job 21 started with 4 GPUs (PID = 23586)
[ 3364.2103] Job 21 successfully resized to 4 GPUs
[ 3527.6883] Job 21 finished, took 216.7 seconds
[ 3527.6883] Job 21 released its GPUs, new GPU assignment = {'ns-l10c2n9': [None], 'ns-l10c2n10': [None], 'ns-l10c2n11': [None], 'ns-l10c2n12': [None]}
[ 3528.4434] * Processing event ScheduleEvent: 5 job(s) in queue
[ 3528.4436] * Processing event RunJobEvent(job=Job(8, TransformerWorkload(gpu_demand=2, batch_size=256, num_steps=50, num_epochs=None), 1), initial_allocation=2)
[ 3528.4436] Job 8 was assigned 2 GPUs, new GPU assignment = {'ns-l10c2n9': [8], 'ns-l10c2n10': [8], 'ns-l10c2n11': [None], 'ns-l10c2n12': [None]}
[ 3528.4506] Job 8 started with 2 GPUs (PID = 24085)
[ 3585.4377] Job 8 successfully resized to 2 GPUs
[ 3727.5467] Job 8 finished, took 199.1 seconds
[ 3727.5468] Job 8 released its GPUs, new GPU assignment = {'ns-l10c2n9': [None], 'ns-l10c2n10': [None], 'ns-l10c2n11': [None], 'ns-l10c2n12': [None]}
[ 3727.7097] * Processing event ScheduleEvent: 4 job(s) in queue
[ 3727.7098] * Processing event RunJobEvent(job=Job(9, TransformerWorkload(gpu_demand=4, batch_size=512, num_steps=300, num_epochs=None), 1), initial_allocation=4)
[ 3727.7098] Job 9 was assigned 4 GPUs, new GPU assignment = {'ns-l10c2n9': [9], 'ns-l10c2n10': [9], 'ns-l10c2n11': [9], 'ns-l10c2n12': [9]}
[ 3727.7173] Job 9 started with 4 GPUs (PID = 24637)
[ 3794.3623] Job 9 successfully resized to 4 GPUs
[ 5025.6412] Job 9 finished, took 1297.9 seconds
[ 5025.6412] Job 9 released its GPUs, new GPU assignment = {'ns-l10c2n9': [None], 'ns-l10c2n10': [None], 'ns-l10c2n11': [None], 'ns-l10c2n12': [None]}
[ 5025.9158] * Processing event ScheduleEvent: 3 job(s) in queue
[ 5025.9160] * Processing event RunJobEvent(job=Job(13, ResNetWorkload(dataset=cifar10, gpu_demand=2, batch_size=64, num_steps=None, num_epochs=1), 1), initial_allocation=2)
[ 5025.9160] Job 13 was assigned 2 GPUs, new GPU assignment = {'ns-l10c2n9': [13], 'ns-l10c2n10': [13], 'ns-l10c2n11': [None], 'ns-l10c2n12': [None]}
[ 5025.9230] Job 13 started with 2 GPUs (PID = 26156)
[ 5025.9233] * Processing event RunJobEvent(job=Job(16, BERTGlueWorkload(task=MRPC, gpu_demand=2, batch_size=4, num_steps=50, num_epochs=None), 1), initial_allocation=2)
[ 5025.9234] Job 16 was assigned 2 GPUs, new GPU assignment = {'ns-l10c2n9': [13], 'ns-l10c2n10': [13], 'ns-l10c2n11': [16], 'ns-l10c2n12': [16]}
[ 5025.9287] Job 16 started with 2 GPUs (PID = 26158)
[ 5064.0696] Job 13 successfully resized to 2 GPUs
[ 5071.0541] Job 16 successfully resized to 2 GPUs
[ 5171.3077] Job 16 finished, took 145.4 seconds
[ 5171.3078] Job 16 released its GPUs, new GPU assignment = {'ns-l10c2n9': [13], 'ns-l10c2n10': [13], 'ns-l10c2n11': [None], 'ns-l10c2n12': [None]}
[ 5172.0826] * Processing event ScheduleEvent: 1 job(s) in queue
[ 5172.0827] * Processing event RunJobEvent(job=Job(22, ResNetWorkload(dataset=cifar10, gpu_demand=2, batch_size=64, num_steps=500, num_epochs=None), 1), initial_allocation=2)
[ 5172.0828] Job 22 was assigned 2 GPUs, new GPU assignment = {'ns-l10c2n9': [13], 'ns-l10c2n10': [13], 'ns-l10c2n11': [22], 'ns-l10c2n12': [22]}
[ 5172.0934] Job 22 started with 2 GPUs (PID = 26623)
[ 5210.6392] Job 22 successfully resized to 2 GPUs
[ 5417.6119] Job 13 finished, took 391.7 seconds
[ 5417.6120] Job 13 released its GPUs, new GPU assignment = {'ns-l10c2n9': [None], 'ns-l10c2n10': [None], 'ns-l10c2n11': [22], 'ns-l10c2n12': [22]}
[ 5418.3717] * Processing event ScheduleEvent: 0 job(s) in queue
[ 5441.9366] Job 22 finished, took 269.9 seconds
[ 5441.9366] Job 22 released its GPUs, new GPU assignment = {'ns-l10c2n9': [None], 'ns-l10c2n10': [None], 'ns-l10c2n11': [None], 'ns-l10c2n12': [None]}
[ 5441.9367] Reached maximum number of 25 jobs
[ 5442.3971] Exiting event loop.
