[    0.0000] Running SchedulerMode.WFS scheduler on hosts 18380acdda5c with 4 GPU(s) per host
[    0.0007] Listening for scheduler requests on port 18383
[    0.0009] Started event loop...
[    0.0011] Running with trace: scheduler_traces/3jobs_4gpus_v1.json
[    1.0025] Job 0 submitted
[    2.0032] * Processing event ScheduleEvent: 1 job(s) in queue
[    2.0034] ... wfs schedule: current_allocations {}
[    2.0035] ... wfs schedule: potential_allocations {0: 4}
[    2.0035] ... wfs schedule: fair_allocations {0: 4}
[    2.0035] * Processing event RunJobEvent(job=Job(0, BERTGlueWorkload(task=SST-2, gpu_demand=4, batch_size=64, num_steps=105, num_epochs=10, num_virtual_nodes_per_device=2), 1), initial_allocation=4)
2020-09-08 03:40:47.947857: I tensorflow/stream_executor/platform/default/dso_loader.cc:44] Successfully opened dynamic library libcudart.so.10.0
[    4.4162] Job 0 was assigned 4 GPUs, new GPU assignment = {'18380acdda5c': [0, 0, 0, 0]}
[    4.4272] Job 0 started with 4 GPUs (PID = 2722)
[   67.0963] Job 0 successfully resized to 4 GPUs
[  240.2716] Job 1 submitted
[  240.6864] * Processing event ScheduleEvent: 1 job(s) in queue
[  240.6866] ... wfs schedule: current_allocations {0: 4}
[  240.6867] ... wfs schedule: potential_allocations {1: 2, 0: 2}
[  240.6867] ... wfs schedule: fair_allocations {1: 2, 0: 2}
[  240.6867] * Processing event ResizeEvent(job_id=0, target_num_workers=2)
[  240.6885] * Processing event RunJobEvent(job=Job(1, ResNetWorkload(dataset=cifar10, gpu_demand=2, batch_size=128, num_steps=None, num_epochs=100, num_virtual_nodes_per_device=1), 5), initial_allocation=2)
[  241.3930] Job 0 successfully resized to 2 GPUs
[  241.3931] Job 0 released 2 GPUs, new GPU assignment: {'18380acdda5c': [0, 0, None, None]}
[  241.6898] * Processing event RunJobEvent(job=Job(1, ResNetWorkload(dataset=cifar10, gpu_demand=2, batch_size=128, num_steps=None, num_epochs=100, num_virtual_nodes_per_device=1), 5), initial_allocation=2)
[  241.6899] Job 1 was assigned 2 GPUs, new GPU assignment = {'18380acdda5c': [0, 0, 1, 1]}
[  241.7012] Job 1 started with 2 GPUs (PID = 5226)
[  289.3775] Job 1 successfully resized to 2 GPUs
[ 1262.7674] Job 0 finished, took 1258.4 seconds
[ 1262.7675] Job 0 released its GPUs, new GPU assignment = {'18380acdda5c': [None, None, 1, 1]}
[ 1262.7728] * Processing event ScheduleEvent: 0 job(s) in queue
[ 1262.7731] ... wfs schedule: current_allocations {1: 2}
[ 1262.7731] ... wfs schedule: fair_allocations {1: 2}
[ 1500.5930] Job 2 submitted
[ 1501.0271] * Processing event ScheduleEvent: 1 job(s) in queue
[ 1501.0273] ... wfs schedule: current_allocations {1: 2}
[ 1501.0273] ... wfs schedule: potential_allocations {1: 2, 2: 2}
[ 1501.0273] ... wfs schedule: fair_allocations {1: 2, 2: 2}
[ 1501.0274] * Processing event RunJobEvent(job=Job(2, BERTGlueWorkload(task=QNLI, gpu_demand=4, batch_size=32, num_steps=327, num_epochs=10, num_virtual_nodes_per_device=1), 10), initial_allocation=2)
[ 1501.0275] Job 2 was assigned 2 GPUs, new GPU assignment = {'18380acdda5c': [2, 2, 1, 1]}
[ 1501.0389] Job 2 started with 2 GPUs (PID = 6766)
[ 1593.6358] Job 2 successfully resized to 2 GPUs
[ 2265.1088] Job 1 finished, took 2023.4 seconds
[ 2265.1089] Job 1 released its GPUs, new GPU assignment = {'18380acdda5c': [2, 2, None, None]}
[ 2265.8336] * Processing event ScheduleEvent: 0 job(s) in queue
[ 2265.8340] ... wfs schedule: current_allocations {2: 2}
[ 2265.8340] ... wfs schedule: fair_allocations {2: 4}
[ 2265.8341] * Processing event ResizeEvent(job_id=2, target_num_workers=4)
[ 2265.8341] Job 2 was assigned 2 new GPUs, new GPU assignment: {'18380acdda5c': [2, 2, 2, 2]}
[ 2322.5604] Job 2 successfully resized to 4 GPUs
[ 3062.6283] Job 2 finished, took 1561.6 seconds
[ 3062.6284] Job 2 released its GPUs, new GPU assignment = {'18380acdda5c': [None, None, None, None]}
[ 3062.6284] Reached maximum number of 3 jobs
[ 3062.6826] Exiting event loop.
