[    0.0000] Running SchedulerMode.PRIORITY scheduler on hosts 18380acdda5c with 4 GPU(s) per host
[    0.0008] Listening for scheduler requests on port 18383
[    0.0010] Started event loop...
[    0.0013] Running with trace: scheduler_traces/3jobs_4gpus_v1.json
[    1.0028] Job 0 submitted
[    2.0034] * Processing event ScheduleEvent: 1 job(s) in queue
2020-09-14 00:52:25.913205: I tensorflow/stream_executor/platform/default/dso_loader.cc:44] Successfully opened dynamic library libcudart.so.10.0
[    4.4555] * Processing event RunJobEvent(job=Job(0, BERTGlueWorkload(task=SST-2, gpu_demand=4, batch_size=64, num_steps=105, num_epochs=10, num_virtual_nodes_per_device=2), 1), initial_allocation=4)
[    4.4562] Job 0 was assigned 4 GPUs, new GPU assignment = {'18380acdda5c': [0, 0, 0, 0]}
[    4.4715] Job 0 started with 4 GPUs (PID = 52678)
[   74.3102] Job 0 successfully resized to 4 GPUs
[  240.2706] Job 1 submitted
[  240.7365] * Processing event ScheduleEvent: 1 job(s) in queue
[  591.3327] Job 0 finished, took 586.9 seconds
[  591.3328] Job 0 released its GPUs, new GPU assignment = {'18380acdda5c': [None, None, None, None]}
[  592.1121] * Processing event ScheduleEvent: 1 job(s) in queue
[  592.1123] * Processing event RunJobEvent(job=Job(1, ResNetWorkload(dataset=cifar10, gpu_demand=2, batch_size=128, num_steps=None, num_epochs=100, num_virtual_nodes_per_device=1), 5), initial_allocation=2)
[  592.1123] Job 1 was assigned 2 GPUs, new GPU assignment = {'18380acdda5c': [1, 1, None, None]}
[  592.1263] Job 1 started with 2 GPUs (PID = 55427)
[  662.5562] Job 1 successfully resized to 2 GPUs
[ 1020.1095] Job 2 submitted
[ 1020.5952] * Processing event ScheduleEvent: 1 job(s) in queue
[ 2522.1838] Job 1 finished, took 1930.1 seconds
[ 2522.1840] Job 1 released its GPUs, new GPU assignment = {'18380acdda5c': [None, None, None, None]}
[ 2522.2143] * Processing event ScheduleEvent: 1 job(s) in queue
[ 2522.2144] * Processing event RunJobEvent(job=Job(2, BERTGlueWorkload(task=QNLI, gpu_demand=4, batch_size=64, num_steps=327, num_epochs=15, num_virtual_nodes_per_device=2), 10), initial_allocation=4)
[ 2522.2145] Job 2 was assigned 4 GPUs, new GPU assignment = {'18380acdda5c': [2, 2, 2, 2]}
[ 2522.2288] Job 2 started with 4 GPUs (PID = 56988)
[ 2585.0743] Job 2 successfully resized to 4 GPUs
[ 4964.2432] Job 2 finished, took 2442.0 seconds
[ 4964.2433] Job 2 released its GPUs, new GPU assignment = {'18380acdda5c': [None, None, None, None]}
[ 4964.2434] Reached maximum number of 3 jobs
[ 4964.8421] Exiting event loop.
