[    0.0000] Running SchedulerMode.PRIORITY scheduler on hosts 4465c88dda1f with 8 GPU(s) per host
[    0.0007] Listening for scheduler requests on port 18383
[    0.0009] Started event loop...
[    0.0012] Running with trace: scheduler_traces/medium20_8jph.json
[    1.0027] Job 0 submitted
[    2.0034] * Processing event ScheduleEvent: 1 job(s) in queue
2020-09-09 04:28:37.429590: I tensorflow/stream_executor/platform/default/dso_loader.cc:44] Successfully opened dynamic library libcudart.so.10.0
[    4.3561] * Processing event RunJobEvent(job=Job(0, BERTGlueWorkload(task=SST-2, gpu_demand=1, batch_size=4, num_steps=None, num_epochs=1, num_virtual_nodes_per_device=1), 1), initial_allocation=1)
[    4.3566] Job 0 was assigned 1 GPUs, new GPU assignment = {'4465c88dda1f': [0, None, None, None, None, None, None, None]}
[    4.3719] Job 0 started with 1 GPUs (PID = 58178)
[  363.4044] Job 1 submitted
[  363.7734] * Processing event ScheduleEvent: 1 job(s) in queue
[  827.9157] Job 2 submitted
[  828.2905] * Processing event ScheduleEvent: 2 job(s) in queue
[  828.2906] * Processing event RunJobEvent(job=Job(2, TransformerWorkload(gpu_demand=4, batch_size=8192, num_steps=4000, num_epochs=None), 5), initial_allocation=4)
[  828.2907] Job 2 was assigned 4 GPUs, new GPU assignment = {'4465c88dda1f': [0, 2, 2, 2, 2, None, None, None]}
[  828.3056] Job 2 started with 4 GPUs (PID = 58810)
[  905.2202] Job 2 successfully resized to 4 GPUs
[ 1104.7477] Job 0 finished, took 1100.4 seconds
[ 1104.7478] Job 0 released its GPUs, new GPU assignment = {'4465c88dda1f': [None, 2, 2, 2, 2, None, None, None]}
[ 1105.5997] * Processing event ScheduleEvent: 1 job(s) in queue
[ 1123.2278] Job 3 submitted
[ 1123.6199] * Processing event ScheduleEvent: 2 job(s) in queue
[ 1123.6201] * Processing event RunJobEvent(job=Job(3, ResNetWorkload(dataset=cifar10, gpu_demand=1, batch_size=128, num_steps=None, num_epochs=20, num_virtual_nodes_per_device=1), 10), initial_allocation=1)
[ 1123.6202] Job 3 was assigned 1 GPUs, new GPU assignment = {'4465c88dda1f': [3, 2, 2, 2, 2, None, None, None]}
[ 1123.6358] Job 3 started with 1 GPUs (PID = 62227)
[ 1352.4644] Job 4 submitted
[ 1352.8665] * Processing event ScheduleEvent: 2 job(s) in queue
[ 1352.8667] * Processing event RunJobEvent(job=Job(4, BERTGlueWorkload(task=MRPC, gpu_demand=1, batch_size=4, num_steps=None, num_epochs=10, num_virtual_nodes_per_device=1), 10), initial_allocation=1)
[ 1352.8667] Job 4 was assigned 1 GPUs, new GPU assignment = {'4465c88dda1f': [3, 2, 2, 2, 2, 4, None, None]}
[ 1352.8813] Job 4 started with 1 GPUs (PID = 62833)
[ 1549.1874] Job 3 finished, took 425.6 seconds
[ 1549.1875] Job 3 released its GPUs, new GPU assignment = {'4465c88dda1f': [None, 2, 2, 2, 2, 4, None, None]}
[ 1550.0720] * Processing event ScheduleEvent: 1 job(s) in queue
[ 1877.0045] Job 5 submitted
[ 1877.4090] * Processing event ScheduleEvent: 2 job(s) in queue
[ 1877.4092] * Processing event RunJobEvent(job=Job(5, BERTGlueWorkload(task=SST-2, gpu_demand=1, batch_size=8, num_steps=None, num_epochs=1, num_virtual_nodes_per_device=2), 10), initial_allocation=1)
[ 1877.4093] Job 5 was assigned 1 GPUs, new GPU assignment = {'4465c88dda1f': [5, 2, 2, 2, 2, 4, None, None]}
[ 1877.4240] Job 5 started with 1 GPUs (PID = 63465)
[ 1981.7081] Job 4 finished, took 628.8 seconds
[ 1981.7082] Job 4 released its GPUs, new GPU assignment = {'4465c88dda1f': [5, 2, 2, 2, 2, None, None, None]}
[ 1982.5328] * Processing event ScheduleEvent: 1 job(s) in queue
[ 2781.9441] Job 6 submitted
[ 2782.3641] * Processing event ScheduleEvent: 2 job(s) in queue
[ 2875.2886] Job 5 finished, took 997.9 seconds
[ 2875.2887] Job 5 released its GPUs, new GPU assignment = {'4465c88dda1f': [None, 2, 2, 2, 2, None, None, None]}
[ 2875.4637] * Processing event ScheduleEvent: 2 job(s) in queue
[ 3248.4364] Job 7 submitted
[ 3248.8616] * Processing event ScheduleEvent: 3 job(s) in queue
[ 3315.5088] Job 8 submitted
[ 3315.9345] * Processing event ScheduleEvent: 4 job(s) in queue
[ 3340.5357] Job 9 submitted
[ 3340.9623] * Processing event ScheduleEvent: 5 job(s) in queue
[ 3680.8901] Job 10 submitted
[ 3681.3243] * Processing event ScheduleEvent: 6 job(s) in queue
[ 3724.9371] Job 11 submitted
[ 3725.3730] * Processing event ScheduleEvent: 7 job(s) in queue
[ 3829.0483] Job 12 submitted
[ 3829.4862] * Processing event ScheduleEvent: 8 job(s) in queue
[ 3867.0867] Job 13 submitted
[ 3867.5285] * Processing event ScheduleEvent: 9 job(s) in queue
[ 4261.4980] Job 14 submitted
[ 4261.9535] * Processing event ScheduleEvent: 10 job(s) in queue
[ 4517.7649] Job 15 submitted
[ 4518.2246] * Processing event ScheduleEvent: 11 job(s) in queue
[ 4524.7727] Job 16 submitted
[ 4525.2324] * Processing event ScheduleEvent: 12 job(s) in queue
[ 4805.0647] Job 17 submitted
[ 4805.5325] * Processing event ScheduleEvent: 13 job(s) in queue
[ 5576.8765] Job 18 submitted
[ 5577.3484] * Processing event ScheduleEvent: 14 job(s) in queue
[ 6054.2893] Job 2 finished, took 5226.0 seconds
[ 6054.2894] Job 2 released its GPUs, new GPU assignment = {'4465c88dda1f': [None, None, None, None, None, None, None, None]}
[ 6054.8592] * Processing event ScheduleEvent: 14 job(s) in queue
[ 6054.8593] * Processing event RunJobEvent(job=Job(6, BERTGlueWorkload(task=MRPC, gpu_demand=8, batch_size=64, num_steps=None, num_epochs=20, num_virtual_nodes_per_device=2), 10), initial_allocation=8)
[ 6054.8594] Job 6 was assigned 8 GPUs, new GPU assignment = {'4465c88dda1f': [6, 6, 6, 6, 6, 6, 6, 6]}
[ 6054.8734] Job 6 started with 8 GPUs (PID = 64097)
[ 6131.0683] Job 6 successfully resized to 8 GPUs
[ 6505.8524] Job 19 submitted
[ 6506.3332] * Processing event ScheduleEvent: 14 job(s) in queue
[ 7032.8649] Job 6 finished, took 978.0 seconds
[ 7032.8650] Job 6 released its GPUs, new GPU assignment = {'4465c88dda1f': [None, None, None, None, None, None, None, None]}
[ 7033.8599] * Processing event ScheduleEvent: 14 job(s) in queue
[ 7033.8601] * Processing event RunJobEvent(job=Job(8, BERTGlueWorkload(task=SST-2, gpu_demand=2, batch_size=16, num_steps=None, num_epochs=1, num_virtual_nodes_per_device=2), 10), initial_allocation=2)
[ 7033.8602] Job 8 was assigned 2 GPUs, new GPU assignment = {'4465c88dda1f': [8, 8, None, None, None, None, None, None]}
[ 7033.8747] Job 8 started with 2 GPUs (PID = 3754)
[ 7033.8751] * Processing event RunJobEvent(job=Job(9, BERTGlueWorkload(task=SST-2, gpu_demand=2, batch_size=8, num_steps=None, num_epochs=1, num_virtual_nodes_per_device=1), 10), initial_allocation=2)
[ 7033.8752] Job 9 was assigned 2 GPUs, new GPU assignment = {'4465c88dda1f': [8, 8, 9, 9, None, None, None, None]}
[ 7033.8840] Job 9 started with 2 GPUs (PID = 3761)
[ 7096.9596] Job 9 successfully resized to 2 GPUs
[ 7104.8167] Job 8 successfully resized to 2 GPUs
[ 8575.2717] Job 8 finished, took 1541.4 seconds
[ 8575.2718] Job 8 released its GPUs, new GPU assignment = {'4465c88dda1f': [None, None, 9, 9, None, None, None, None]}
[ 8575.5041] * Processing event ScheduleEvent: 12 job(s) in queue
[ 9096.8239] Job 9 finished, took 2062.9 seconds
[ 9096.8240] Job 9 released its GPUs, new GPU assignment = {'4465c88dda1f': [None, None, None, None, None, None, None, None]}
[ 9097.0650] * Processing event ScheduleEvent: 12 job(s) in queue
[ 9097.0653] * Processing event RunJobEvent(job=Job(13, TransformerWorkload(gpu_demand=8, batch_size=8192, num_steps=4000, num_epochs=None), 10), initial_allocation=8)
[ 9097.0668] Job 13 was assigned 8 GPUs, new GPU assignment = {'4465c88dda1f': [13, 13, 13, 13, 13, 13, 13, 13]}
[ 9097.0816] Job 13 started with 8 GPUs (PID = 6244)
[ 9166.6231] Job 13 finished, took 69.6 seconds
[ 9166.6233] Job 13 released its GPUs, new GPU assignment = {'4465c88dda1f': [None, None, None, None, None, None, None, None]}
[ 9167.1587] * Processing event ScheduleEvent: 11 job(s) in queue
[ 9167.1589] * Processing event RunJobEvent(job=Job(14, ResNetWorkload(dataset=imagenet, gpu_demand=1, batch_size=128, num_steps=None, num_epochs=1, num_virtual_nodes_per_device=1), 10), initial_allocation=1)
[ 9167.1590] Job 14 was assigned 1 GPUs, new GPU assignment = {'4465c88dda1f': [14, None, None, None, None, None, None, None]}
[ 9167.1728] Job 14 started with 1 GPUs (PID = 12964)
[ 9167.1732] * Processing event RunJobEvent(job=Job(16, ResNetWorkload(dataset=imagenet, gpu_demand=4, batch_size=1024, num_steps=None, num_epochs=3, num_virtual_nodes_per_device=2), 10), initial_allocation=4)
[ 9167.1733] Job 16 was assigned 4 GPUs, new GPU assignment = {'4465c88dda1f': [14, 16, 16, 16, 16, None, None, None]}
[ 9167.1808] Job 16 started with 4 GPUs (PID = 12970)
[ 9167.1811] * Processing event RunJobEvent(job=Job(18, BERTGlueWorkload(task=SST-2, gpu_demand=1, batch_size=4, num_steps=None, num_epochs=1, num_virtual_nodes_per_device=1), 10), initial_allocation=1)
[ 9167.1812] Job 18 was assigned 1 GPUs, new GPU assignment = {'4465c88dda1f': [14, 16, 16, 16, 16, 18, None, None]}
[ 9167.1880] Job 18 started with 1 GPUs (PID = 12982)
[ 9167.1885] * Processing event RunJobEvent(job=Job(11, ResNetWorkload(dataset=cifar10, gpu_demand=1, batch_size=64, num_steps=None, num_epochs=10, num_virtual_nodes_per_device=1), 5), initial_allocation=1)
[ 9167.1886] Job 11 was assigned 1 GPUs, new GPU assignment = {'4465c88dda1f': [14, 16, 16, 16, 16, 18, 11, None]}
[ 9167.1955] Job 11 started with 1 GPUs (PID = 13000)
[ 9252.1529] Job 16 finished, took 85.0 seconds
[ 9252.1530] Job 16 released its GPUs, new GPU assignment = {'4465c88dda1f': [14, None, None, None, None, 18, 11, None]}
[ 9252.2907] * Processing event ScheduleEvent: 7 job(s) in queue
[ 9252.2909] * Processing event RunJobEvent(job=Job(17, TransformerWorkload(gpu_demand=4, batch_size=4096, num_steps=4000, num_epochs=None), 5), initial_allocation=4)
[ 9252.2909] Job 17 was assigned 4 GPUs, new GPU assignment = {'4465c88dda1f': [14, 17, 17, 17, 17, 18, 11, None]}
[ 9252.3103] Job 17 started with 4 GPUs (PID = 17357)
[ 9342.5460] Job 17 successfully resized to 4 GPUs
[ 9572.2539] Job 11 finished, took 405.1 seconds
[ 9572.2540] Job 11 released its GPUs, new GPU assignment = {'4465c88dda1f': [14, 17, 17, 17, 17, 18, None, None]}
[ 9572.6306] * Processing event ScheduleEvent: 6 job(s) in queue
[10330.5725] Job 18 finished, took 1163.4 seconds
[10330.5725] Job 18 released its GPUs, new GPU assignment = {'4465c88dda1f': [14, 17, 17, 17, 17, None, None, None]}
[10331.3826] * Processing event ScheduleEvent: 6 job(s) in queue
[10816.5071] Job 14 finished, took 1649.3 seconds
[10816.5071] Job 14 released its GPUs, new GPU assignment = {'4465c88dda1f': [None, 17, 17, 17, 17, None, None, None]}
[10816.8768] * Processing event ScheduleEvent: 6 job(s) in queue
[12564.6113] Job 17 finished, took 3312.3 seconds
[12564.6114] Job 17 released its GPUs, new GPU assignment = {'4465c88dda1f': [None, None, None, None, None, None, None, None]}
[12564.7468] * Processing event ScheduleEvent: 6 job(s) in queue
[12564.7470] * Processing event RunJobEvent(job=Job(1, BERTGlueWorkload(task=CoLA, gpu_demand=8, batch_size=32, num_steps=None, num_epochs=20, num_virtual_nodes_per_device=1), 1), initial_allocation=8)
[12564.7471] Job 1 was assigned 8 GPUs, new GPU assignment = {'4465c88dda1f': [1, 1, 1, 1, 1, 1, 1, 1]}
[12564.7616] Job 1 started with 8 GPUs (PID = 20774)
[12628.3169] Job 1 successfully resized to 8 GPUs
[15371.6572] Job 1 finished, took 2806.9 seconds
[15371.6572] Job 1 released its GPUs, new GPU assignment = {'4465c88dda1f': [None, None, None, None, None, None, None, None]}
[15372.5179] * Processing event ScheduleEvent: 5 job(s) in queue
[15372.5181] * Processing event RunJobEvent(job=Job(7, BERTGlueWorkload(task=MRPC, gpu_demand=8, batch_size=64, num_steps=None, num_epochs=20, num_virtual_nodes_per_device=2), 1), initial_allocation=8)
[15372.5181] Job 7 was assigned 8 GPUs, new GPU assignment = {'4465c88dda1f': [7, 7, 7, 7, 7, 7, 7, 7]}
[15372.5322] Job 7 started with 8 GPUs (PID = 25667)
[15445.7118] Job 7 successfully resized to 8 GPUs
[16347.6737] Job 7 finished, took 975.2 seconds
[16347.6738] Job 7 released its GPUs, new GPU assignment = {'4465c88dda1f': [None, None, None, None, None, None, None, None]}
[16348.5111] * Processing event ScheduleEvent: 4 job(s) in queue
[16348.5114] * Processing event RunJobEvent(job=Job(10, BERTGlueWorkload(task=MRPC, gpu_demand=4, batch_size=32, num_steps=None, num_epochs=20, num_virtual_nodes_per_device=2), 1), initial_allocation=4)
[16348.5114] Job 10 was assigned 4 GPUs, new GPU assignment = {'4465c88dda1f': [10, 10, 10, 10, None, None, None, None]}
[16348.5252] Job 10 started with 4 GPUs (PID = 30560)
[16348.5258] * Processing event RunJobEvent(job=Job(12, BERTGlueWorkload(task=SST-2, gpu_demand=2, batch_size=8, num_steps=None, num_epochs=1, num_virtual_nodes_per_device=1), 1), initial_allocation=2)
[16348.5259] Job 12 was assigned 2 GPUs, new GPU assignment = {'4465c88dda1f': [10, 10, 10, 10, 12, 12, None, None]}
[16348.5341] Job 12 started with 2 GPUs (PID = 30566)
[16400.4544] Job 12 successfully resized to 2 GPUs
[16403.8856] Job 10 successfully resized to 4 GPUs
[17646.0490] Job 10 finished, took 1297.5 seconds
[17646.0491] Job 10 released its GPUs, new GPU assignment = {'4465c88dda1f': [None, None, None, None, 12, 12, None, None]}
[17646.8656] * Processing event ScheduleEvent: 2 job(s) in queue
[18123.6877] Job 12 finished, took 1775.2 seconds
[18123.6878] Job 12 released its GPUs, new GPU assignment = {'4465c88dda1f': [None, None, None, None, None, None, None, None]}
[18124.3880] * Processing event ScheduleEvent: 2 job(s) in queue
[18124.3882] * Processing event RunJobEvent(job=Job(15, BERTGlueWorkload(task=CoLA, gpu_demand=8, batch_size=64, num_steps=None, num_epochs=20, num_virtual_nodes_per_device=2), 1), initial_allocation=8)
[18124.3883] Job 15 was assigned 8 GPUs, new GPU assignment = {'4465c88dda1f': [15, 15, 15, 15, 15, 15, 15, 15]}
[18124.4027] Job 15 started with 8 GPUs (PID = 34266)
[18213.8588] Job 15 successfully resized to 8 GPUs
[20298.5070] Job 15 finished, took 2174.1 seconds
[20298.5071] Job 15 released its GPUs, new GPU assignment = {'4465c88dda1f': [None, None, None, None, None, None, None, None]}
[20298.5983] * Processing event ScheduleEvent: 1 job(s) in queue
[20298.5986] * Processing event RunJobEvent(job=Job(19, BERTGlueWorkload(task=CoLA, gpu_demand=2, batch_size=16, num_steps=None, num_epochs=10, num_virtual_nodes_per_device=2), 1), initial_allocation=2)
[20298.5986] Job 19 was assigned 2 GPUs, new GPU assignment = {'4465c88dda1f': [19, 19, None, None, None, None, None, None]}
[20298.6124] Job 19 started with 2 GPUs (PID = 39159)
[20350.7306] Job 19 successfully resized to 2 GPUs
[21853.9481] Job 19 finished, took 1555.3 seconds
[21853.9482] Job 19 released its GPUs, new GPU assignment = {'4465c88dda1f': [None, None, None, None, None, None, None, None]}
[21853.9482] Reached maximum number of 20 jobs
[21854.3102] Exiting event loop.
