[    0.0000] Running SchedulerMode.PRIORITY scheduler on hosts 4465c88dda1f with 8 GPU(s) per host
[    0.0008] Listening for scheduler requests on port 18383
[    0.0012] Started event loop...
[    0.0014] Running with trace: scheduler_traces/medium20_12jph.json
[    1.0031] Job 0 submitted
[    2.0034] * Processing event ScheduleEvent: 1 job(s) in queue
2020-09-09 10:32:52.142310: I tensorflow/stream_executor/platform/default/dso_loader.cc:44] Successfully opened dynamic library libcudart.so.10.0
[    4.2825] * Processing event RunJobEvent(job=Job(0, ResNetWorkload(dataset=imagenet, gpu_demand=8, batch_size=4096, num_steps=None, num_epochs=5, num_virtual_nodes_per_device=4), 5), initial_allocation=8)
[    4.2831] Job 0 was assigned 8 GPUs, new GPU assignment = {'4465c88dda1f': [0, 0, 0, 0, 0, 0, 0, 0]}
[    4.2982] Job 0 started with 8 GPUs (PID = 40546)
[   71.3184] Job 0 finished, took 67.0 seconds
[   71.3184] Job 0 released its GPUs, new GPU assignment = {'4465c88dda1f': [None, None, None, None, None, None, None, None]}
[   71.3709] * Processing event ScheduleEvent: 0 job(s) in queue
[  286.3461] Job 1 submitted
[  286.6255] * Processing event ScheduleEvent: 1 job(s) in queue
[  286.6258] * Processing event RunJobEvent(job=Job(1, BERTGlueWorkload(task=CoLA, gpu_demand=4, batch_size=16, num_steps=None, num_epochs=20, num_virtual_nodes_per_device=1), 1), initial_allocation=4)
[  286.6258] Job 1 was assigned 4 GPUs, new GPU assignment = {'4465c88dda1f': [1, 1, 1, 1, None, None, None, None]}
[  286.6400] Job 1 started with 4 GPUs (PID = 45534)
[  346.7778] Job 1 successfully resized to 4 GPUs
[  788.8783] Job 2 submitted
[  789.1729] * Processing event ScheduleEvent: 1 job(s) in queue
[  789.1731] * Processing event RunJobEvent(job=Job(2, TransformerWorkload(gpu_demand=1, batch_size=1024, num_steps=4000, num_epochs=None), 10), initial_allocation=1)
[  789.1732] Job 2 was assigned 1 GPUs, new GPU assignment = {'4465c88dda1f': [1, 1, 1, 1, 2, None, None, None]}
[  789.1876] Job 2 started with 1 GPUs (PID = 47995)
[ 1441.5491] Job 3 submitted
[ 1441.8546] * Processing event ScheduleEvent: 1 job(s) in queue
[ 1441.8548] * Processing event RunJobEvent(job=Job(3, BERTGlueWorkload(task=MRPC, gpu_demand=1, batch_size=4, num_steps=None, num_epochs=10, num_virtual_nodes_per_device=1), 10), initial_allocation=1)
[ 1441.8548] Job 3 was assigned 1 GPUs, new GPU assignment = {'4465c88dda1f': [1, 1, 1, 1, 2, 3, None, None]}
[ 1441.8694] Job 3 started with 1 GPUs (PID = 48866)
[ 1507.9418] Job 2 finished, took 718.8 seconds
[ 1507.9419] Job 2 released its GPUs, new GPU assignment = {'4465c88dda1f': [1, 1, 1, 1, None, 3, None, None]}
[ 1508.9386] * Processing event ScheduleEvent: 0 job(s) in queue
[ 2063.5274] Job 3 finished, took 621.7 seconds
[ 2063.5275] Job 3 released its GPUs, new GPU assignment = {'4465c88dda1f': [1, 1, 1, 1, None, None, None, None]}
[ 2064.5031] * Processing event ScheduleEvent: 0 job(s) in queue
[ 2081.2163] Job 4 submitted
[ 2081.5222] * Processing event ScheduleEvent: 1 job(s) in queue
[ 2081.5224] * Processing event RunJobEvent(job=Job(4, ResNetWorkload(dataset=imagenet, gpu_demand=2, batch_size=256, num_steps=None, num_epochs=1, num_virtual_nodes_per_device=1), 1), initial_allocation=2)
[ 2081.5225] Job 4 was assigned 2 GPUs, new GPU assignment = {'4465c88dda1f': [1, 1, 1, 1, 4, 4, None, None]}
[ 2081.5368] Job 4 started with 2 GPUs (PID = 49498)
[ 2151.0280] Job 4 successfully resized to 2 GPUs
[ 2411.5513] Job 5 submitted
[ 2411.8783] * Processing event ScheduleEvent: 1 job(s) in queue
[ 2451.5927] Job 6 submitted
[ 2451.9190] * Processing event ScheduleEvent: 2 job(s) in queue
[ 2474.6151] Job 7 submitted
[ 2474.9437] * Processing event ScheduleEvent: 3 job(s) in queue
[ 2757.8977] Job 8 submitted
[ 2758.2281] * Processing event ScheduleEvent: 4 job(s) in queue
[ 2758.2283] * Processing event RunJobEvent(job=Job(8, BERTGlueWorkload(task=SST-2, gpu_demand=2, batch_size=16, num_steps=None, num_epochs=1, num_virtual_nodes_per_device=2), 10), initial_allocation=2)
[ 2758.2284] Job 8 was assigned 2 GPUs, new GPU assignment = {'4465c88dda1f': [1, 1, 1, 1, 4, 4, 8, 8]}
[ 2758.2554] Job 8 started with 2 GPUs (PID = 50779)
[ 2819.0456] Job 8 successfully resized to 2 GPUs
[ 3315.4374] Job 9 submitted
[ 3315.7971] * Processing event ScheduleEvent: 4 job(s) in queue
[ 3342.4659] Job 10 submitted
[ 3342.8244] * Processing event ScheduleEvent: 5 job(s) in queue
[ 3540.6680] Job 11 submitted
[ 3541.0217] * Processing event ScheduleEvent: 6 job(s) in queue
[ 3678.4989] Job 4 finished, took 1597.0 seconds
[ 3678.4990] Job 4 released its GPUs, new GPU assignment = {'4465c88dda1f': [1, 1, 1, 1, None, None, 8, 8]}
[ 3679.1578] * Processing event ScheduleEvent: 6 job(s) in queue
[ 3843.9803] Job 12 submitted
[ 3844.3213] * Processing event ScheduleEvent: 7 job(s) in queue
[ 3926.0623] Job 13 submitted
[ 3926.4047] * Processing event ScheduleEvent: 8 job(s) in queue
[ 4140.2850] Job 14 submitted
[ 4140.6151] * Processing event ScheduleEvent: 9 job(s) in queue
[ 4140.6153] * Processing event RunJobEvent(job=Job(14, BERTGlueWorkload(task=SST-2, gpu_demand=1, batch_size=8, num_steps=None, num_epochs=1, num_virtual_nodes_per_device=2), 10), initial_allocation=1)
[ 4140.6155] Job 14 was assigned 1 GPUs, new GPU assignment = {'4465c88dda1f': [1, 1, 1, 1, 14, None, 8, 8]}
[ 4140.6333] Job 14 started with 1 GPUs (PID = 52024)
[ 4148.7403] Job 8 finished, took 1390.5 seconds
[ 4148.7404] Job 8 released its GPUs, new GPU assignment = {'4465c88dda1f': [1, 1, 1, 1, 14, None, None, None]}
[ 4149.6425] * Processing event ScheduleEvent: 8 job(s) in queue
[ 4376.5368] Job 15 submitted
[ 4376.8803] * Processing event ScheduleEvent: 9 job(s) in queue
[ 4376.8805] * Processing event RunJobEvent(job=Job(15, ResNetWorkload(dataset=imagenet, gpu_demand=2, batch_size=512, num_steps=None, num_epochs=1, num_virtual_nodes_per_device=2), 10), initial_allocation=2)
[ 4376.8806] Job 15 was assigned 2 GPUs, new GPU assignment = {'4465c88dda1f': [1, 1, 1, 1, 14, 15, 15, None]}
[ 4376.8964] Job 15 started with 2 GPUs (PID = 52656)
[ 4446.6896] Job 15 successfully resized to 2 GPUs
[ 4454.6182] Job 16 submitted
[ 4454.9806] * Processing event ScheduleEvent: 9 job(s) in queue
[ 4597.5840] Job 1 finished, took 4311.0 seconds
[ 4597.5841] Job 1 released its GPUs, new GPU assignment = {'4465c88dda1f': [None, None, None, None, 14, 15, 15, None]}
[ 4598.1309] * Processing event ScheduleEvent: 9 job(s) in queue
[ 4598.1311] * Processing event RunJobEvent(job=Job(16, BERTGlueWorkload(task=SST-2, gpu_demand=4, batch_size=16, num_steps=None, num_epochs=1, num_virtual_nodes_per_device=1), 10), initial_allocation=4)
[ 4598.1312] Job 16 was assigned 4 GPUs, new GPU assignment = {'4465c88dda1f': [16, 16, 16, 16, 14, 15, 15, None]}
[ 4598.1540] Job 16 started with 4 GPUs (PID = 53937)
[ 4678.9646] Job 16 successfully resized to 4 GPUs
[ 4967.1464] Job 17 submitted
[ 4967.5393] * Processing event ScheduleEvent: 9 job(s) in queue
[ 4977.1563] Job 18 submitted
[ 4977.5530] * Processing event ScheduleEvent: 10 job(s) in queue
[ 5179.2062] Job 14 finished, took 1038.6 seconds
[ 5179.2063] Job 14 released its GPUs, new GPU assignment = {'4465c88dda1f': [16, 16, 16, 16, None, 15, 15, None]}
[ 5179.7562] * Processing event ScheduleEvent: 10 job(s) in queue
[ 5773.9647] Job 19 submitted
[ 5774.3652] * Processing event ScheduleEvent: 11 job(s) in queue
[ 5824.6891] Job 15 finished, took 1447.8 seconds
[ 5824.6892] Job 15 released its GPUs, new GPU assignment = {'4465c88dda1f': [16, 16, 16, 16, None, None, None, None]}
[ 5825.4179] * Processing event ScheduleEvent: 11 job(s) in queue
[ 6376.6549] Job 16 finished, took 1778.5 seconds
[ 6376.6549] Job 16 released its GPUs, new GPU assignment = {'4465c88dda1f': [None, None, None, None, None, None, None, None]}
[ 6376.9996] * Processing event ScheduleEvent: 11 job(s) in queue
[ 6376.9997] * Processing event RunJobEvent(job=Job(11, TransformerWorkload(gpu_demand=8, batch_size=8192, num_steps=2000, num_epochs=None), 5), initial_allocation=8)
[ 6376.9998] Job 11 was assigned 8 GPUs, new GPU assignment = {'4465c88dda1f': [11, 11, 11, 11, 11, 11, 11, 11]}
[ 6377.0140] Job 11 started with 8 GPUs (PID = 56398)
[ 6458.8906] Job 11 finished, took 81.9 seconds
[ 6458.8907] Job 11 released its GPUs, new GPU assignment = {'4465c88dda1f': [None, None, None, None, None, None, None, None]}
[ 6459.1073] * Processing event ScheduleEvent: 10 job(s) in queue
[ 6459.1075] * Processing event RunJobEvent(job=Job(12, BERTGlueWorkload(task=CoLA, gpu_demand=8, batch_size=32, num_steps=None, num_epochs=20, num_virtual_nodes_per_device=1), 5), initial_allocation=8)
[ 6459.1076] Job 12 was assigned 8 GPUs, new GPU assignment = {'4465c88dda1f': [12, 12, 12, 12, 12, 12, 12, 12]}
[ 6459.1221] Job 12 started with 8 GPUs (PID = 63137)
[ 6532.0726] Job 12 successfully resized to 8 GPUs
[ 9293.4074] Job 12 finished, took 2834.3 seconds
[ 9293.4075] Job 12 released its GPUs, new GPU assignment = {'4465c88dda1f': [None, None, None, None, None, None, None, None]}
[ 9293.9187] * Processing event ScheduleEvent: 9 job(s) in queue
[ 9293.9189] * Processing event RunJobEvent(job=Job(5, BERTGlueWorkload(task=CoLA, gpu_demand=4, batch_size=32, num_steps=None, num_epochs=20, num_virtual_nodes_per_device=2), 1), initial_allocation=4)
[ 9293.9190] Job 5 was assigned 4 GPUs, new GPU assignment = {'4465c88dda1f': [5, 5, 5, 5, None, None, None, None]}
[ 9293.9330] Job 5 started with 4 GPUs (PID = 2794)
[ 9293.9336] * Processing event RunJobEvent(job=Job(6, BERTGlueWorkload(task=SST-2, gpu_demand=4, batch_size=16, num_steps=None, num_epochs=1, num_virtual_nodes_per_device=1), 1), initial_allocation=4)
[ 9293.9336] Job 6 was assigned 4 GPUs, new GPU assignment = {'4465c88dda1f': [5, 5, 5, 5, 6, 6, 6, 6]}
[ 9293.9412] Job 6 started with 4 GPUs (PID = 2800)
[ 9351.7627] Job 5 successfully resized to 4 GPUs
[ 9354.5041] Job 6 successfully resized to 4 GPUs
[11051.3751] Job 6 finished, took 1757.4 seconds
[11051.3753] Job 6 released its GPUs, new GPU assignment = {'4465c88dda1f': [5, 5, 5, 5, None, None, None, None]}
[11051.7306] * Processing event ScheduleEvent: 7 job(s) in queue
[11051.7308] * Processing event RunJobEvent(job=Job(7, BERTGlueWorkload(task=CoLA, gpu_demand=4, batch_size=32, num_steps=None, num_epochs=20, num_virtual_nodes_per_device=2), 1), initial_allocation=4)
[11051.7308] Job 7 was assigned 4 GPUs, new GPU assignment = {'4465c88dda1f': [5, 5, 5, 5, 7, 7, 7, 7]}
[11051.7460] Job 7 started with 4 GPUs (PID = 7716)
[11130.7024] Job 7 successfully resized to 4 GPUs
[12252.8010] Job 5 finished, took 2958.9 seconds
[12252.8011] Job 5 released its GPUs, new GPU assignment = {'4465c88dda1f': [None, None, None, None, 7, 7, 7, 7]}
[12252.9580] * Processing event ScheduleEvent: 6 job(s) in queue
[14005.8016] Job 7 finished, took 2954.1 seconds
[14005.8016] Job 7 released its GPUs, new GPU assignment = {'4465c88dda1f': [None, None, None, None, None, None, None, None]}
[14005.8361] * Processing event ScheduleEvent: 6 job(s) in queue
[14005.8364] * Processing event RunJobEvent(job=Job(9, BERTGlueWorkload(task=CoLA, gpu_demand=8, batch_size=32, num_steps=None, num_epochs=20, num_virtual_nodes_per_device=1), 1), initial_allocation=8)
[14005.8364] Job 9 was assigned 8 GPUs, new GPU assignment = {'4465c88dda1f': [9, 9, 9, 9, 9, 9, 9, 9]}
[14005.8503] Job 9 started with 8 GPUs (PID = 10177)
[14074.3491] Job 9 successfully resized to 8 GPUs
[16835.8013] Job 9 finished, took 2830.0 seconds
[16835.8014] Job 9 released its GPUs, new GPU assignment = {'4465c88dda1f': [None, None, None, None, None, None, None, None]}
[16836.6278] * Processing event ScheduleEvent: 5 job(s) in queue
[16836.6280] * Processing event RunJobEvent(job=Job(10, ResNetWorkload(dataset=imagenet, gpu_demand=8, batch_size=4096, num_steps=None, num_epochs=5, num_virtual_nodes_per_device=4), 1), initial_allocation=8)
[16836.6281] Job 10 was assigned 8 GPUs, new GPU assignment = {'4465c88dda1f': [10, 10, 10, 10, 10, 10, 10, 10]}
[16836.6418] Job 10 started with 8 GPUs (PID = 15070)
[16900.8170] Job 10 finished, took 64.2 seconds
[16900.8171] Job 10 released its GPUs, new GPU assignment = {'4465c88dda1f': [None, None, None, None, None, None, None, None]}
[16901.7132] * Processing event ScheduleEvent: 4 job(s) in queue
[16901.7134] * Processing event RunJobEvent(job=Job(13, BERTGlueWorkload(task=MRPC, gpu_demand=4, batch_size=32, num_steps=None, num_epochs=20, num_virtual_nodes_per_device=2), 1), initial_allocation=4)
[16901.7135] Job 13 was assigned 4 GPUs, new GPU assignment = {'4465c88dda1f': [13, 13, 13, 13, None, None, None, None]}
[16901.7282] Job 13 started with 4 GPUs (PID = 20058)
[16901.7287] * Processing event RunJobEvent(job=Job(17, ResNetWorkload(dataset=imagenet, gpu_demand=2, batch_size=256, num_steps=None, num_epochs=1, num_virtual_nodes_per_device=1), 1), initial_allocation=2)
[16901.7288] Job 17 was assigned 2 GPUs, new GPU assignment = {'4465c88dda1f': [13, 13, 13, 13, 17, 17, None, None]}
[16901.7376] Job 17 started with 2 GPUs (PID = 20064)
[16901.7381] * Processing event RunJobEvent(job=Job(18, ResNetWorkload(dataset=cifar10, gpu_demand=1, batch_size=64, num_steps=None, num_epochs=10, num_virtual_nodes_per_device=1), 1), initial_allocation=1)
[16901.7382] Job 18 was assigned 1 GPUs, new GPU assignment = {'4465c88dda1f': [13, 13, 13, 13, 17, 17, 18, None]}
[16901.7455] Job 18 started with 1 GPUs (PID = 20076)
[16901.7459] * Processing event RunJobEvent(job=Job(19, ResNetWorkload(dataset=imagenet, gpu_demand=1, batch_size=128, num_steps=None, num_epochs=1, num_virtual_nodes_per_device=1), 1), initial_allocation=1)
[16901.7460] Job 19 was assigned 1 GPUs, new GPU assignment = {'4465c88dda1f': [13, 13, 13, 13, 17, 17, 18, 19]}
[16901.7536] Job 19 started with 1 GPUs (PID = 20097)
[16953.9635] Job 17 successfully resized to 2 GPUs
[16962.3902] Job 13 successfully resized to 4 GPUs
[17370.0441] Job 18 finished, took 468.3 seconds
[17370.0442] Job 18 released its GPUs, new GPU assignment = {'4465c88dda1f': [13, 13, 13, 13, 17, 17, None, 19]}
[17370.2311] * Processing event ScheduleEvent: 0 job(s) in queue
[18219.7741] Job 13 finished, took 1318.1 seconds
[18219.7742] Job 13 released its GPUs, new GPU assignment = {'4465c88dda1f': [None, None, None, None, 17, 17, None, 19]}
[18220.0721] * Processing event ScheduleEvent: 0 job(s) in queue
[18478.7735] Job 17 finished, took 1577.0 seconds
[18478.7736] Job 17 released its GPUs, new GPU assignment = {'4465c88dda1f': [None, None, None, None, None, None, None, 19]}
[18479.3394] * Processing event ScheduleEvent: 0 job(s) in queue
[18539.3122] Job 19 finished, took 1637.6 seconds
[18539.3122] Job 19 released its GPUs, new GPU assignment = {'4465c88dda1f': [None, None, None, None, None, None, None, None]}
[18539.3123] Reached maximum number of 20 jobs
[18539.4053] Exiting event loop.
